------------------------------------------------------------------------------------------------------------------------

[2025-06-21 01:13:59 #1 store] 
Database 'C:\Users\ander\eclipse-workspace\Rides\src\main\resources\Kirol4ALL.temp' is opened by 8248@AnderPC

[2025-06-21 01:13:59 #2 type.registry] 
New type domain.Socio

[2025-06-21 01:13:59 #3 type] 
Type domain.Socio is not enhanced.

[2025-06-21 01:13:59 #4 type.registry] 
New type domain.Factura

[2025-06-21 01:13:59 #5 type.registry] 
New type domain.Reserva

[2025-06-21 01:13:59 #6 type] 
Type domain.Factura is not enhanced.

[2025-06-21 01:13:59 #7 type.registry] 
New type configuration.EstadoFactura

[2025-06-21 01:13:59 #8 type] 
Type domain.Reserva is not enhanced.

[2025-06-21 01:13:59 #9 type.registry] 
New type domain.Sesion

[2025-06-21 01:13:59 #10 type.registry] 
New type configuration.Estado

[2025-06-21 01:13:59 #11 type] 
Type domain.Sesion is not enhanced.

[2025-06-21 01:13:59 #12 type.registry] 
New type domain.Actividad

[2025-06-21 01:13:59 #13 type.registry] 
New type domain.Instalacion

[2025-06-21 01:13:59 #14 type.registry] 
New type java.time.LocalDateTime

[2025-06-21 01:13:59 #15 type] 
Type domain.Actividad is not enhanced.

[2025-06-21 01:13:59 #16 type] 
Type domain.Instalacion is not enhanced.

[2025-06-21 01:13:59 #17 type.registry] 
New type domain.Encargado

[2025-06-21 01:13:59 #18 type] 
Type domain.Encargado is not enhanced.

[2025-06-21 01:13:59 #19 type.registry] 
New type java.util.ArrayList<java.lang.Object>

------------------------------------------------------------------------------------------------------------------------

[2025-06-21 01:34:22 #1 store] 
Database 'C:\Users\ander\eclipse-workspace\Rides\src\main\resources\Kirol4ALL.temp' is opened by 1064@AnderPC

[2025-06-21 01:34:23 #2 type.registry] 
New type domain.Socio

[2025-06-21 01:34:23 #3 type] 
Type domain.Socio is not enhanced.

[2025-06-21 01:34:23 #4 type.registry] 
New type domain.Factura

[2025-06-21 01:34:23 #5 type.registry] 
New type domain.Reserva

[2025-06-21 01:34:23 #6 type] 
Type domain.Factura is not enhanced.

[2025-06-21 01:34:23 #7 type.registry] 
New type configuration.EstadoFactura

[2025-06-21 01:34:23 #8 type] 
Type domain.Reserva is not enhanced.

[2025-06-21 01:34:23 #9 type.registry] 
New type domain.Sesion

[2025-06-21 01:34:23 #10 type.registry] 
New type configuration.Estado

[2025-06-21 01:34:23 #11 type] 
Type domain.Sesion is not enhanced.

[2025-06-21 01:34:23 #12 type.registry] 
New type domain.Actividad

[2025-06-21 01:34:23 #13 type.registry] 
New type domain.Instalacion

[2025-06-21 01:34:23 #14 type.registry] 
New type java.time.LocalDateTime

[2025-06-21 01:34:23 #15 type] 
Type domain.Actividad is not enhanced.

[2025-06-21 01:34:23 #16 type] 
Type domain.Instalacion is not enhanced.

[2025-06-21 01:34:23 #17 type.registry] 
New type domain.Encargado

[2025-06-21 01:34:23 #18 type] 
Type domain.Encargado is not enhanced.

[2025-06-21 01:34:23 #19 type.registry] 
New type java.util.ArrayList<java.lang.Object>

------------------------------------------------------------------------------------------------------------------------

[2025-06-21 01:35:59 #1 store] 
Database 'C:\Users\ander\eclipse-workspace\Rides\src\main\resources\Kirol4ALL.temp' is opened by 12796@AnderPC

[2025-06-21 01:35:59 #2 type.registry] 
New type domain.Socio

[2025-06-21 01:35:59 #3 type] 
Type domain.Socio is not enhanced.

[2025-06-21 01:36:00 #4 type.registry] 
New type domain.Factura

[2025-06-21 01:36:00 #5 type.registry] 
New type domain.Reserva

[2025-06-21 01:36:00 #6 type] 
Type domain.Factura is not enhanced.

[2025-06-21 01:36:00 #7 type.registry] 
New type configuration.EstadoFactura

[2025-06-21 01:36:00 #8 type] 
Type domain.Reserva is not enhanced.

[2025-06-21 01:36:00 #9 type.registry] 
New type domain.Sesion

[2025-06-21 01:36:00 #10 type.registry] 
New type configuration.Estado

[2025-06-21 01:36:00 #11 type] 
Type domain.Sesion is not enhanced.

[2025-06-21 01:36:00 #12 type.registry] 
New type domain.Actividad

[2025-06-21 01:36:00 #13 type.registry] 
New type domain.Instalacion

[2025-06-21 01:36:00 #14 type.registry] 
New type java.time.LocalDateTime

[2025-06-21 01:36:00 #15 type] 
Type domain.Actividad is not enhanced.

[2025-06-21 01:36:00 #16 type] 
Type domain.Instalacion is not enhanced.

[2025-06-21 01:36:00 #17 type.registry] 
New type domain.Encargado

[2025-06-21 01:36:00 #18 type] 
Type domain.Encargado is not enhanced.

[2025-06-21 01:36:00 #19 type.registry] 
New type java.util.ArrayList<java.lang.Object>

------------------------------------------------------------------------------------------------------------------------

[2025-06-21 01:36:27 #1 store] 
Database 'C:\Users\ander\eclipse-workspace\Rides\src\main\resources\Kirol4ALL.temp' is opened by 7100@AnderPC

[2025-06-21 01:36:27 #2 type.registry] 
New type domain.Socio

[2025-06-21 01:36:27 #3 type] 
Type domain.Socio is not enhanced.

[2025-06-21 01:36:27 #4 type.registry] 
New type domain.Factura

[2025-06-21 01:36:27 #5 type.registry] 
New type domain.Reserva

[2025-06-21 01:36:27 #6 type] 
Type domain.Factura is not enhanced.

[2025-06-21 01:36:27 #7 type.registry] 
New type configuration.EstadoFactura

[2025-06-21 01:36:27 #8 type] 
Type domain.Reserva is not enhanced.

[2025-06-21 01:36:27 #9 type.registry] 
New type domain.Sesion

[2025-06-21 01:36:27 #10 type.registry] 
New type configuration.Estado

[2025-06-21 01:36:27 #11 type] 
Type domain.Sesion is not enhanced.

[2025-06-21 01:36:27 #12 type.registry] 
New type domain.Actividad

[2025-06-21 01:36:27 #13 type.registry] 
New type domain.Instalacion

[2025-06-21 01:36:28 #14 type.registry] 
New type java.time.LocalDateTime

[2025-06-21 01:36:28 #15 type] 
Type domain.Actividad is not enhanced.

[2025-06-21 01:36:28 #16 type] 
Type domain.Instalacion is not enhanced.

[2025-06-21 01:36:28 #17 type.registry] 
New type domain.Encargado

[2025-06-21 01:36:28 #18 type] 
Type domain.Encargado is not enhanced.

[2025-06-21 01:36:28 #19 type.registry] 
New type java.util.ArrayList<java.lang.Object>

------------------------------------------------------------------------------------------------------------------------

[2025-06-21 01:36:44 #1 store] 
Database 'C:\Users\ander\eclipse-workspace\Rides\src\main\resources\Kirol4ALL.temp' is opened by 4764@AnderPC

[2025-06-21 01:36:45 #2 type.registry] 
New type domain.Socio

[2025-06-21 01:36:45 #3 type] 
Type domain.Socio is not enhanced.

[2025-06-21 01:36:45 #4 type.registry] 
New type domain.Factura

[2025-06-21 01:36:45 #5 type.registry] 
New type domain.Reserva

[2025-06-21 01:36:45 #6 type] 
Type domain.Factura is not enhanced.

[2025-06-21 01:36:45 #7 type.registry] 
New type configuration.EstadoFactura

[2025-06-21 01:36:45 #8 type] 
Type domain.Reserva is not enhanced.

[2025-06-21 01:36:45 #9 type.registry] 
New type domain.Sesion

[2025-06-21 01:36:45 #10 type.registry] 
New type configuration.Estado

[2025-06-21 01:36:45 #11 type] 
Type domain.Sesion is not enhanced.

[2025-06-21 01:36:45 #12 type.registry] 
New type domain.Actividad

[2025-06-21 01:36:45 #13 type.registry] 
New type domain.Instalacion

[2025-06-21 01:36:45 #14 type.registry] 
New type java.time.LocalDateTime

[2025-06-21 01:36:45 #15 type] 
Type domain.Actividad is not enhanced.

[2025-06-21 01:36:45 #16 type] 
Type domain.Instalacion is not enhanced.

[2025-06-21 01:36:45 #17 type.registry] 
New type domain.Encargado

[2025-06-21 01:36:45 #18 type] 
Type domain.Encargado is not enhanced.

[2025-06-21 01:36:45 #19 type.registry] 
New type java.util.ArrayList<java.lang.Object>

------------------------------------------------------------------------------------------------------------------------

[2025-06-21 01:46:32 #1 store] 
Database 'C:\Users\ander\eclipse-workspace\Rides\src\main\resources\Kirol4ALL.temp' is opened by 2556@AnderPC

[2025-06-21 01:46:33 #2 type.registry] 
New type domain.Socio

[2025-06-21 01:46:33 #3 type] 
Type domain.Socio is not enhanced.

[2025-06-21 01:46:33 #4 type.registry] 
New type domain.Factura

[2025-06-21 01:46:33 #5 type.registry] 
New type domain.Reserva

[2025-06-21 01:46:33 #6 type] 
Type domain.Factura is not enhanced.

[2025-06-21 01:46:33 #7 type.registry] 
New type configuration.EstadoFactura

[2025-06-21 01:46:33 #8 type] 
Type domain.Reserva is not enhanced.

[2025-06-21 01:46:33 #9 type.registry] 
New type domain.Sesion

[2025-06-21 01:46:33 #10 type.registry] 
New type configuration.Estado

[2025-06-21 01:46:33 #11 type] 
Type domain.Sesion is not enhanced.

[2025-06-21 01:46:33 #12 type.registry] 
New type domain.Actividad

[2025-06-21 01:46:33 #13 type.registry] 
New type domain.Instalacion

[2025-06-21 01:46:33 #14 type.registry] 
New type java.time.LocalDateTime

[2025-06-21 01:46:33 #15 type] 
Type domain.Actividad is not enhanced.

[2025-06-21 01:46:33 #16 type] 
Type domain.Instalacion is not enhanced.

[2025-06-21 01:46:33 #17 type.registry] 
New type domain.Encargado

[2025-06-21 01:46:33 #18 type] 
Type domain.Encargado is not enhanced.

[2025-06-21 01:46:33 #19 type.registry] 
New type java.util.ArrayList<java.lang.Object>

------------------------------------------------------------------------------------------------------------------------

[2025-06-21 01:48:04 #1 store] 
Database 'C:\Users\ander\eclipse-workspace\Rides\src\main\resources\Kirol4ALL.temp' is opened by 9696@AnderPC

[2025-06-21 01:48:04 #2 type.registry] 
New type domain.Socio

[2025-06-21 01:48:04 #3 type] 
Type domain.Socio is not enhanced.

[2025-06-21 01:48:04 #4 type.registry] 
New type domain.Factura

[2025-06-21 01:48:04 #5 type.registry] 
New type domain.Reserva

[2025-06-21 01:48:04 #6 type] 
Type domain.Factura is not enhanced.

[2025-06-21 01:48:04 #7 type.registry] 
New type configuration.EstadoFactura

[2025-06-21 01:48:04 #8 type] 
Type domain.Reserva is not enhanced.

[2025-06-21 01:48:04 #9 type.registry] 
New type domain.Sesion

[2025-06-21 01:48:04 #10 type.registry] 
New type configuration.Estado

[2025-06-21 01:48:04 #11 type] 
Type domain.Sesion is not enhanced.

[2025-06-21 01:48:04 #12 type.registry] 
New type domain.Actividad

[2025-06-21 01:48:04 #13 type.registry] 
New type domain.Instalacion

[2025-06-21 01:48:04 #14 type.registry] 
New type java.time.LocalDateTime

[2025-06-21 01:48:04 #15 type] 
Type domain.Actividad is not enhanced.

[2025-06-21 01:48:04 #16 type] 
Type domain.Instalacion is not enhanced.

[2025-06-21 01:48:04 #17 type.registry] 
New type domain.Encargado

[2025-06-21 01:48:04 #18 type] 
Type domain.Encargado is not enhanced.

[2025-06-21 01:48:04 #19 type.registry] 
New type java.util.ArrayList<java.lang.Object>

------------------------------------------------------------------------------------------------------------------------

[2025-06-21 11:46:18 #1 server] 
java.net.BindException: Address already in use: bind
	at java.base/sun.nio.ch.Net.bind0(Native Method)
	at java.base/sun.nio.ch.Net.bind(Net.java:565)
	at java.base/sun.nio.ch.Net.bind(Net.java:554)
	at java.base/sun.nio.ch.NioSocketImpl.bind(NioSocketImpl.java:636)
	at java.base/java.net.ServerSocket.bind(ServerSocket.java:390)
	at java.base/java.net.ServerSocket.<init>(ServerSocket.java:277)
	at java.base/java.net.ServerSocket.<init>(ServerSocket.java:221)
	at com.objectdb.o.SMR.I(SMR.java:259)
	at com.objectdb.o.SMR.n(SMR.java:159)
	at com.objectdb.o.TOL.run(TOL.java:116)
	at com.objectdb.Server.runCommand(Server.java:200)
	at com.objectdb.Server.run(Server.java:104)
	at com.objectdb.Server.main(Server.java:63)

------------------------------------------------------------------------------------------------------------------------

[2025-06-21 11:52:12 #1 server] 
Server on port 6136 has started by 408@AnderPC

------------------------------------------------------------------------------------------------------------------------

[2025-06-21 11:52:45 #1 server] 
java.net.BindException: Address already in use: bind
	at java.base/sun.nio.ch.Net.bind0(Native Method)
	at java.base/sun.nio.ch.Net.bind(Net.java:565)
	at java.base/sun.nio.ch.Net.bind(Net.java:554)
	at java.base/sun.nio.ch.NioSocketImpl.bind(NioSocketImpl.java:636)
	at java.base/java.net.ServerSocket.bind(ServerSocket.java:390)
	at java.base/java.net.ServerSocket.<init>(ServerSocket.java:277)
	at java.base/java.net.ServerSocket.<init>(ServerSocket.java:221)
	at com.objectdb.o.SMR.I(SMR.java:259)
	at com.objectdb.o.SMR.n(SMR.java:159)
	at com.objectdb.o.TOL.run(TOL.java:116)
	at com.objectdb.Server.runCommand(Server.java:200)
	at com.objectdb.Server.run(Server.java:104)
	at com.objectdb.Server.main(Server.java:63)

[2025-06-21 11:58:41 #2 store] 
Database 'C:\Users\ander\eclipse-workspace\Rides\src\main\resources\db\src\main\resources\Kirol4ALL.temp' is opened by 408@AnderPC

------------------------------------------------------------------------------------------------------------------------

[2025-06-21 11:58:41 #1 type.registry] 
New type domain.Socio

[2025-06-21 11:58:41 #2 type] 
Type domain.Socio is not enhanced.

[2025-06-21 11:58:41 #3 type.registry] 
New type domain.Factura

[2025-06-21 11:58:41 #4 type.registry] 
New type domain.Reserva

[2025-06-21 11:58:41 #5 type] 
Type domain.Factura is not enhanced.

[2025-06-21 11:58:41 #6 type.registry] 
New type configuration.EstadoFactura

[2025-06-21 11:58:41 #7 type] 
Type domain.Reserva is not enhanced.

[2025-06-21 11:58:41 #8 type.registry] 
New type domain.Sesion

[2025-06-21 11:58:41 #9 type.registry] 
New type configuration.Estado

[2025-06-21 11:58:41 #10 type] 
Type domain.Sesion is not enhanced.

[2025-06-21 11:58:41 #11 type.registry] 
New type domain.Actividad

[2025-06-21 11:58:41 #12 type.registry] 
New type domain.Instalacion

[2025-06-21 11:58:41 #13 type.registry] 
New type java.time.LocalDateTime

[2025-06-21 11:58:41 #14 type] 
Type domain.Actividad is not enhanced.

[2025-06-21 11:58:41 #15 type] 
Type domain.Instalacion is not enhanced.

[2025-06-21 11:58:41 #16 type.registry] 
New type domain.Encargado

[2025-06-21 11:58:41 #17 type] 
Type domain.Encargado is not enhanced.

[2025-06-21 11:58:42 #18 type.registry] 
New type java.util.ArrayList<java.lang.Object>

[2025-06-21 11:58:51 #3 store] 
Database 'C:\Users\ander\eclipse-workspace\Rides\src\main\resources\db\src\main\resources\Kirol4ALL.temp' is closed by 408@AnderPC

------------------------------------------------------------------------------------------------------------------------

[2025-06-21 12:00:00 #1 server] 
Server on port 6136 has started by 11916@AnderPC

[2025-06-21 12:00:07 #2 store] 
Database 'C:\Users\ander\eclipse-workspace\Rides\src\main\resources\db\src\main\resources\Kirol4ALL.temp' is opened by 11916@AnderPC

------------------------------------------------------------------------------------------------------------------------

[2025-06-21 12:00:08 #1 type] 
Type domain.Socio is not enhanced.

[2025-06-21 12:00:08 #2 type] 
Type domain.Factura is not enhanced.

[2025-06-21 12:00:08 #3 type] 
Type domain.Reserva is not enhanced.

[2025-06-21 12:00:08 #4 type] 
Type domain.Sesion is not enhanced.

[2025-06-21 12:00:08 #5 type] 
Type domain.Actividad is not enhanced.

[2025-06-21 12:00:08 #6 type] 
Type domain.Instalacion is not enhanced.

[2025-06-21 12:00:08 #7 type] 
Type domain.Encargado is not enhanced.

[2025-06-21 12:04:47 #3 store] 
Database 'C:\Users\ander\eclipse-workspace\Rides\src\main\resources\db\src\main\resources\Kirol4ALL.temp' is closed by 11916@AnderPC

------------------------------------------------------------------------------------------------------------------------

[2025-06-21 12:58:47 #1 server] 
Server on port 6136 has started by 10568@AnderPC

[2025-06-21 12:58:55 #2 store] 
Database 'C:\Users\ander\eclipse-workspace\Rides\src\main\resources\db\src\main\resources\Kirol4ALL.temp' is opened by 10568@AnderPC

------------------------------------------------------------------------------------------------------------------------

[2025-06-21 12:58:56 #1 type] 
Type domain.Socio is not enhanced.

[2025-06-21 12:58:56 #2 type] 
Type domain.Factura is not enhanced.

[2025-06-21 12:58:56 #3 type] 
Type domain.Reserva is not enhanced.

[2025-06-21 12:58:56 #4 type] 
Type domain.Sesion is not enhanced.

[2025-06-21 12:58:56 #5 type] 
Type domain.Actividad is not enhanced.

[2025-06-21 12:58:56 #6 type] 
Type domain.Instalacion is not enhanced.

[2025-06-21 12:58:56 #7 type] 
Type domain.Encargado is not enhanced.

[2025-06-21 12:58:56 #3 type.user] 
Enhancement of type domain.Sesion is old and cannot be used (-8086911800423742780:-895770107371723430)

[2025-06-21 12:58:56 #4 type] 
Type domain.Sesion is not enhanced.

[2025-06-21 13:00:13 #5 store] 
Database 'C:\Users\ander\eclipse-workspace\Rides\src\main\resources\db\src\main\resources\Kirol4ALL.temp' is closed by 10568@AnderPC

------------------------------------------------------------------------------------------------------------------------

[2025-06-21 13:04:04 #1 server] 
Server on port 6136 has started by 11220@AnderPC

[2025-06-21 13:04:10 #2 store] 
Database 'C:\Users\ander\eclipse-workspace\Rides\src\main\resources\db\src\main\resources\Kirol4ALL.temp' is opened by 11220@AnderPC

------------------------------------------------------------------------------------------------------------------------

[2025-06-21 13:04:10 #1 type] 
Type domain.Socio is not enhanced.

[2025-06-21 13:04:10 #2 type] 
Type domain.Factura is not enhanced.

[2025-06-21 13:04:10 #3 type] 
Type domain.Reserva is not enhanced.

[2025-06-21 13:04:10 #4 type] 
Type domain.Sesion is not enhanced.

[2025-06-21 13:04:10 #5 type] 
Type domain.Actividad is not enhanced.

[2025-06-21 13:04:10 #6 type] 
Type domain.Instalacion is not enhanced.

[2025-06-21 13:04:11 #7 type] 
Type domain.Encargado is not enhanced.

[2025-06-21 13:04:11 #3 type.user] 
Enhancement of type domain.Sesion is old and cannot be used (3232934217367493777:-8086911800423742780)

[2025-06-21 13:04:11 #4 type] 
Type domain.Sesion is not enhanced.

[2025-06-21 13:04:11 #8 type.registry] 
New type java.util.ArrayList<domain.Reserva>

[2025-06-21 13:04:11 #5 type.user] 
Enhancement of type domain.Sesion is old and cannot be used (3232934217367493777:-8086911800423742780)

[2025-06-21 13:04:11 #9 type.registry] 
New type java.util.ArrayList<domain.Factura>

[2025-06-21 13:04:11 #6 type.user] 
Enhancement of type domain.Sesion is old and cannot be used (3232934217367493777:-8086911800423742780)

[2025-06-21 13:04:11 #10 type.registry] 
New type java.util.ArrayList<domain.Sesion>

[2025-06-21 13:04:11 #7 type.user] 
Enhancement of type domain.Sesion is old and cannot be used (3232934217367493777:-8086911800423742780)

[2025-06-21 13:04:11 #11 type.registry] 
New type java.util.ArrayList<domain.Instalacion>

[2025-06-21 13:04:11 #8 type.user] 
Enhancement of type domain.Sesion is old and cannot be used (3232934217367493777:-8086911800423742780)

[2025-06-21 13:07:27 #9 store] 
Database 'C:\Users\ander\eclipse-workspace\Rides\src\main\resources\db\src\main\resources\Kirol4ALL.temp' is closed by 11220@AnderPC

------------------------------------------------------------------------------------------------------------------------

[2025-06-21 14:58:09 #1 server] 
Server on port 6136 has started by 10068@AnderPC

[2025-06-21 14:58:26 #2 store] 
Database 'C:\Users\ander\eclipse-workspace\Rides\src\main\resources\db\src\main\resources\Kirol4ALL.temp' is opened by 10068@AnderPC

------------------------------------------------------------------------------------------------------------------------

[2025-06-21 14:58:27 #1 type] 
Type domain.Socio is not enhanced.

[2025-06-21 14:58:27 #2 type] 
Type domain.Factura is not enhanced.

[2025-06-21 14:58:27 #3 type] 
Type domain.Reserva is not enhanced.

[2025-06-21 14:58:27 #4 type] 
Type domain.Sesion is not enhanced.

[2025-06-21 14:58:27 #5 type] 
Type domain.Actividad is not enhanced.

[2025-06-21 14:58:27 #6 type] 
Type domain.Instalacion is not enhanced.

[2025-06-21 14:58:27 #7 type] 
Type domain.Encargado is not enhanced.

[2025-06-21 14:59:18 #3 store] 
Database 'C:\Users\ander\eclipse-workspace\Rides\src\main\resources\db\src\main\resources\Kirol4ALL.temp' is closed by 10068@AnderPC

------------------------------------------------------------------------------------------------------------------------

[2025-06-21 15:08:49 #1 server] 
Server on port 6136 has started by 7328@AnderPC

[2025-06-21 15:08:57 #2 store] 
Database 'C:\Users\ander\eclipse-workspace\Rides\src\main\resources\db\src\main\resources\Kirol4ALL.temp' is opened by 7328@AnderPC

------------------------------------------------------------------------------------------------------------------------

[2025-06-21 15:08:58 #1 type] 
Type domain.Socio is not enhanced.

[2025-06-21 15:08:58 #2 type] 
Type domain.Factura is not enhanced.

[2025-06-21 15:08:58 #3 type] 
Type domain.Reserva is not enhanced.

[2025-06-21 15:08:58 #4 type] 
Type domain.Sesion is not enhanced.

[2025-06-21 15:08:58 #5 type] 
Type domain.Actividad is not enhanced.

[2025-06-21 15:08:58 #6 type] 
Type domain.Instalacion is not enhanced.

[2025-06-21 15:08:58 #7 type] 
Type domain.Encargado is not enhanced.

[2025-06-21 15:09:57 #3 store] 
Database 'C:\Users\ander\eclipse-workspace\Rides\src\main\resources\db\src\main\resources\Kirol4ALL.temp' is closed by 7328@AnderPC

------------------------------------------------------------------------------------------------------------------------

[2025-06-21 15:19:48 #1 server] 
Server on port 6136 has started by 11712@AnderPC

[2025-06-21 15:19:56 #2 store] 
Database 'C:\Users\ander\eclipse-workspace\Rides\src\main\resources\db\src\main\resources\Kirol4ALL.temp' is opened by 11712@AnderPC

------------------------------------------------------------------------------------------------------------------------

[2025-06-21 15:19:57 #1 type] 
Type domain.Socio is not enhanced.

[2025-06-21 15:19:57 #2 type] 
Type domain.Factura is not enhanced.

[2025-06-21 15:19:57 #3 type] 
Type domain.Reserva is not enhanced.

[2025-06-21 15:19:57 #4 type] 
Type domain.Sesion is not enhanced.

[2025-06-21 15:19:57 #5 type] 
Type domain.Actividad is not enhanced.

[2025-06-21 15:19:57 #6 type] 
Type domain.Instalacion is not enhanced.

[2025-06-21 15:19:57 #7 type] 
Type domain.Encargado is not enhanced.

[2025-06-21 15:24:59 #3 store] 
Database 'C:\Users\ander\eclipse-workspace\Rides\src\main\resources\db\src\main\resources\Kirol4ALL.temp' is closed by 11712@AnderPC

------------------------------------------------------------------------------------------------------------------------

[2025-06-21 15:26:30 #1 server] 
java.net.BindException: Address already in use: bind
	at java.base/sun.nio.ch.Net.bind0(Native Method)
	at java.base/sun.nio.ch.Net.bind(Net.java:565)
	at java.base/sun.nio.ch.Net.bind(Net.java:554)
	at java.base/sun.nio.ch.NioSocketImpl.bind(NioSocketImpl.java:636)
	at java.base/java.net.ServerSocket.bind(ServerSocket.java:390)
	at java.base/java.net.ServerSocket.<init>(ServerSocket.java:277)
	at java.base/java.net.ServerSocket.<init>(ServerSocket.java:221)
	at com.objectdb.o.SMR.I(SMR.java:259)
	at com.objectdb.o.SMR.n(SMR.java:159)
	at com.objectdb.o.TOL.run(TOL.java:116)
	at com.objectdb.Server.runCommand(Server.java:200)
	at com.objectdb.Server.run(Server.java:104)
	at com.objectdb.Server.main(Server.java:63)

------------------------------------------------------------------------------------------------------------------------

[2025-06-21 15:26:55 #1 server] 
Server on port 6136 has started by 8060@AnderPC

------------------------------------------------------------------------------------------------------------------------

[2025-06-21 15:30:09 #1 server] 
java.net.BindException: Address already in use: bind
	at java.base/sun.nio.ch.Net.bind0(Native Method)
	at java.base/sun.nio.ch.Net.bind(Net.java:565)
	at java.base/sun.nio.ch.Net.bind(Net.java:554)
	at java.base/sun.nio.ch.NioSocketImpl.bind(NioSocketImpl.java:636)
	at java.base/java.net.ServerSocket.bind(ServerSocket.java:390)
	at java.base/java.net.ServerSocket.<init>(ServerSocket.java:277)
	at java.base/java.net.ServerSocket.<init>(ServerSocket.java:221)
	at com.objectdb.o.SMR.I(SMR.java:259)
	at com.objectdb.o.SMR.n(SMR.java:159)
	at com.objectdb.o.TOL.run(TOL.java:116)
	at com.objectdb.Server.runCommand(Server.java:200)
	at com.objectdb.Server.run(Server.java:104)
	at com.objectdb.Server.main(Server.java:63)

------------------------------------------------------------------------------------------------------------------------

[2025-06-21 15:30:36 #1 server] 
Server on port 6136 has started by 10072@AnderPC

------------------------------------------------------------------------------------------------------------------------

[2025-06-21 15:30:56 #1 server] 
Server on port 6136 has started by 3368@AnderPC

[2025-06-21 15:30:58 #2 server] 
Server on port 6136 has stopped by 3368@AnderPC

------------------------------------------------------------------------------------------------------------------------

[2025-06-21 15:31:29 #1 server] 
Server on port 6136 has started by 13048@AnderPC

[2025-06-21 15:31:37 #2 store] 
Database 'C:\Users\ander\eclipse-workspace\Rides\src\main\resources\db\src\main\resources\Kirol4ALL.temp' is opened by 13048@AnderPC

------------------------------------------------------------------------------------------------------------------------

[2025-06-21 15:31:38 #1 type] 
Type domain.Socio is not enhanced.

[2025-06-21 15:31:38 #2 type] 
Type domain.Factura is not enhanced.

[2025-06-21 15:31:38 #3 type] 
Type domain.Reserva is not enhanced.

[2025-06-21 15:31:38 #4 type] 
Type domain.Sesion is not enhanced.

[2025-06-21 15:31:38 #5 type] 
Type domain.Actividad is not enhanced.

[2025-06-21 15:31:38 #6 type] 
Type domain.Instalacion is not enhanced.

[2025-06-21 15:31:38 #7 type] 
Type domain.Encargado is not enhanced.

[2025-06-21 15:31:52 #3 store] 
Database 'C:\Users\ander\eclipse-workspace\Rides\src\main\resources\db\src\main\resources\Kirol4ALL.temp' is closed by 13048@AnderPC

------------------------------------------------------------------------------------------------------------------------

[2025-06-21 15:32:03 #1 server] 
Server on port 6136 has started by 6764@AnderPC

------------------------------------------------------------------------------------------------------------------------

[2025-06-21 16:03:28 #1 server] 
Server on port 6136 has started by 8044@AnderPC

[2025-06-21 16:03:33 #2 server] 
Server on port 6136 has stopped by 8044@AnderPC

------------------------------------------------------------------------------------------------------------------------

[2025-06-21 16:03:50 #1 server] 
Server on port 6136 has started by 8240@AnderPC

[2025-06-21 16:03:52 #2 server] 
Server on port 6136 has stopped by 8240@AnderPC

------------------------------------------------------------------------------------------------------------------------

[2025-06-21 16:04:23 #1 server] 
Server on port 6136 has started by 4636@AnderPC

------------------------------------------------------------------------------------------------------------------------

[2025-06-21 16:04:45 #1 server] 
java.net.BindException: Address already in use: bind
	at java.base/sun.nio.ch.Net.bind0(Native Method)
	at java.base/sun.nio.ch.Net.bind(Net.java:565)
	at java.base/sun.nio.ch.Net.bind(Net.java:554)
	at java.base/sun.nio.ch.NioSocketImpl.bind(NioSocketImpl.java:636)
	at java.base/java.net.ServerSocket.bind(ServerSocket.java:390)
	at java.base/java.net.ServerSocket.<init>(ServerSocket.java:277)
	at java.base/java.net.ServerSocket.<init>(ServerSocket.java:221)
	at com.objectdb.o.SMR.I(SMR.java:259)
	at com.objectdb.o.SMR.n(SMR.java:159)
	at com.objectdb.o.TOL.run(TOL.java:116)
	at com.objectdb.Server.runCommand(Server.java:200)
	at com.objectdb.Server.run(Server.java:104)
	at com.objectdb.Server.main(Server.java:63)

------------------------------------------------------------------------------------------------------------------------

[2025-06-21 16:05:23 #1 server] 
Server on port 6136 has started by 1232@AnderPC

------------------------------------------------------------------------------------------------------------------------

[2025-06-21 16:07:18 #1 server] 
Server on port 6136 has started by 9612@AnderPC

[2025-06-21 16:07:20 #2 server] 
Server on port 6136 has stopped by 9612@AnderPC

------------------------------------------------------------------------------------------------------------------------

[2025-06-21 16:09:03 #1 server] 
Server on port 6136 has started by 1312@AnderPC

------------------------------------------------------------------------------------------------------------------------

[2025-06-21 16:10:17 #1 server] 
java.net.BindException: Address already in use: JVM_Bind
	at java.net.DualStackPlainSocketImpl.bind0(Native Method)
	at java.net.DualStackPlainSocketImpl.socketBind(Unknown Source)
	at java.net.AbstractPlainSocketImpl.bind(Unknown Source)
	at java.net.PlainSocketImpl.bind(Unknown Source)
	at java.net.ServerSocket.bind(Unknown Source)
	at java.net.ServerSocket.<init>(Unknown Source)
	at java.net.ServerSocket.<init>(Unknown Source)
	at com.objectdb.o.SMR.I(SMR.java:259)
	at com.objectdb.o.SMR.n(SMR.java:159)
	at com.objectdb.o.TOL.run(TOL.java:116)
	at com.objectdb.Server.runCommand(Server.java:193)
	at com.objectdb.Server.run(Server.java:102)
	at com.objectdb.ServerRunner.main(ServerRunner.java:31)

------------------------------------------------------------------------------------------------------------------------

[2025-06-21 16:11:06 #1 server] 
Server on port 6136 has started by 7228@AnderPC

------------------------------------------------------------------------------------------------------------------------

[2025-06-21 16:13:14 #1 server] 
Server on port 6136 has started by 5096@AnderPC

------------------------------------------------------------------------------------------------------------------------

[2025-06-21 16:19:09 #1 tool] 
java.lang.NoClassDefFoundError: javax/persistence/PersistenceException
	at com.objectdb.o.OSH.<clinit>(OSH.java:104)
	at com.objectdb.o.SMR.f(SMR.java:177)
	at com.objectdb.o.TOL.run(TOL.java:117)
	at com.objectdb.Server.runCommand(Server.java:200)
	at com.objectdb.Server.run(Server.java:104)
	at com.objectdb.Server.main(Server.java:63)
Caused by: java.lang.ClassNotFoundException: javax.persistence.PersistenceException
	at java.base/jdk.internal.loader.BuiltinClassLoader.loadClass(BuiltinClassLoader.java:641)
	at java.base/jdk.internal.loader.ClassLoaders$AppClassLoader.loadClass(ClassLoaders.java:188)
	at java.base/java.lang.ClassLoader.loadClass(ClassLoader.java:525)
	... 6 more

------------------------------------------------------------------------------------------------------------------------

[2025-06-21 16:19:25 #1 server] 
java.net.BindException: Address already in use: JVM_Bind
	at java.net.DualStackPlainSocketImpl.bind0(Native Method)
	at java.net.DualStackPlainSocketImpl.socketBind(Unknown Source)
	at java.net.AbstractPlainSocketImpl.bind(Unknown Source)
	at java.net.PlainSocketImpl.bind(Unknown Source)
	at java.net.ServerSocket.bind(Unknown Source)
	at java.net.ServerSocket.<init>(Unknown Source)
	at java.net.ServerSocket.<init>(Unknown Source)
	at com.objectdb.o.SMR.o(SMR.java:260)
	at com.objectdb.o.SMR.f(SMR.java:160)
	at com.objectdb.o.TOL.run(TOL.java:117)
	at com.objectdb.Server.runCommand(Server.java:193)
	at com.objectdb.Server.run(Server.java:102)
	at com.objectdb.ServerRunner.main(ServerRunner.java:31)

------------------------------------------------------------------------------------------------------------------------

[2025-06-21 16:20:27 #1 tool] 
java.lang.NoClassDefFoundError: javax/persistence/PersistenceException
	at com.objectdb.o.OSH.<clinit>(OSH.java:104)
	at com.objectdb.o.SMR.f(SMR.java:177)
	at com.objectdb.o.TOL.run(TOL.java:117)
	at com.objectdb.Server.runCommand(Server.java:200)
	at com.objectdb.Server.run(Server.java:104)
	at com.objectdb.Server.main(Server.java:63)
Caused by: java.lang.ClassNotFoundException: javax.persistence.PersistenceException
	at java.base/jdk.internal.loader.BuiltinClassLoader.loadClass(BuiltinClassLoader.java:641)
	at java.base/jdk.internal.loader.ClassLoaders$AppClassLoader.loadClass(ClassLoaders.java:188)
	at java.base/java.lang.ClassLoader.loadClass(ClassLoader.java:525)
	... 6 more

------------------------------------------------------------------------------------------------------------------------

[2025-06-21 16:23:43 #1 server] 
Server on port 6136 has started by 10472@AnderPC

[2025-06-21 16:23:49 #2 store] 
Database 'C:\Users\ander\eclipse-workspace\Rides\src\main\resources\db\src\main\resources\Kirol4ALL.temp' is opened by 10472@AnderPC

------------------------------------------------------------------------------------------------------------------------

[2025-06-21 16:23:50 #1 type] 
Type domain.Socio is not enhanced.

[2025-06-21 16:23:50 #2 type] 
Type domain.Factura is not enhanced.

[2025-06-21 16:23:50 #3 type] 
Type domain.Reserva is not enhanced.

[2025-06-21 16:23:50 #4 type] 
Type domain.Sesion is not enhanced.

[2025-06-21 16:23:50 #5 type] 
Type domain.Actividad is not enhanced.

[2025-06-21 16:23:50 #6 type] 
Type domain.Instalacion is not enhanced.

[2025-06-21 16:23:50 #7 type] 
Type domain.Encargado is not enhanced.

------------------------------------------------------------------------------------------------------------------------

[2025-06-21 16:26:11 #1 server] 
java.net.BindException: Address already in use: bind
	at java.base/sun.nio.ch.Net.bind0(Native Method)
	at java.base/sun.nio.ch.Net.bind(Net.java:565)
	at java.base/sun.nio.ch.Net.bind(Net.java:554)
	at java.base/sun.nio.ch.NioSocketImpl.bind(NioSocketImpl.java:636)
	at java.base/java.net.ServerSocket.bind(ServerSocket.java:390)
	at java.base/java.net.ServerSocket.<init>(ServerSocket.java:277)
	at java.base/java.net.ServerSocket.<init>(ServerSocket.java:221)
	at com.objectdb.o.SMR.I(SMR.java:259)
	at com.objectdb.o.SMR.n(SMR.java:159)
	at com.objectdb.o.TOL.run(TOL.java:116)
	at com.objectdb.Server.runCommand(Server.java:200)
	at com.objectdb.Server.run(Server.java:104)
	at com.objectdb.Server.main(Server.java:63)

[2025-06-21 16:26:17 #3 store] 
Database 'C:\Users\ander\eclipse-workspace\Rides\src\main\resources\db\src\main\resources\Kirol4ALL.temp' is closed by 10472@AnderPC

[2025-06-21 16:26:17 #4 server] 
Server on port 6136 has stopped by 10472@AnderPC

------------------------------------------------------------------------------------------------------------------------

[2025-06-21 16:26:34 #1 server] 
Server on port 6136 has started by 7032@AnderPC

[2025-06-21 16:26:39 #2 store] 
Database 'C:\Users\ander\eclipse-workspace\Rides\src\main\resources\db\src\main\resources\Kirol4ALL.temp' is opened by 7032@AnderPC

------------------------------------------------------------------------------------------------------------------------

[2025-06-21 16:26:40 #1 type] 
Type domain.Socio is not enhanced.

[2025-06-21 16:26:40 #2 type] 
Type domain.Factura is not enhanced.

[2025-06-21 16:26:40 #3 type] 
Type domain.Reserva is not enhanced.

[2025-06-21 16:26:40 #4 type] 
Type domain.Sesion is not enhanced.

[2025-06-21 16:26:40 #5 type] 
Type domain.Actividad is not enhanced.

[2025-06-21 16:26:40 #6 type] 
Type domain.Instalacion is not enhanced.

[2025-06-21 16:26:40 #7 type] 
Type domain.Encargado is not enhanced.

[2025-06-21 16:26:47 #3 store] 
Database 'C:\Users\ander\eclipse-workspace\Rides\src\main\resources\db\src\main\resources\Kirol4ALL.temp' is closed by 7032@AnderPC

------------------------------------------------------------------------------------------------------------------------

[2025-06-21 16:27:37 #1 server] 
Server on port 6136 has started by 5608@AnderPC

[2025-06-21 16:27:44 #2 server] 
Server on port 6136 has stopped by 5608@AnderPC

------------------------------------------------------------------------------------------------------------------------

[2025-06-21 16:27:52 #1 server] 
Server on port 6136 has started by 12832@AnderPC

[2025-06-21 16:28:01 #2 store] 
Database 'C:\Users\ander\eclipse-workspace\Rides\src\main\resources\db\src\main\resources\Kirol4ALL.temp' is opened by 12832@AnderPC

------------------------------------------------------------------------------------------------------------------------

[2025-06-21 16:28:02 #1 type] 
Type domain.Socio is not enhanced.

[2025-06-21 16:28:02 #2 type] 
Type domain.Factura is not enhanced.

[2025-06-21 16:28:02 #3 type] 
Type domain.Reserva is not enhanced.

[2025-06-21 16:28:02 #4 type] 
Type domain.Sesion is not enhanced.

[2025-06-21 16:28:02 #5 type] 
Type domain.Actividad is not enhanced.

[2025-06-21 16:28:02 #6 type] 
Type domain.Instalacion is not enhanced.

[2025-06-21 16:28:02 #7 type] 
Type domain.Encargado is not enhanced.

[2025-06-21 16:33:33 #3 store] 
Database 'C:\Users\ander\eclipse-workspace\Rides\src\main\resources\db\src\main\resources\Kirol4ALL.temp' is closed by 12832@AnderPC

------------------------------------------------------------------------------------------------------------------------

[2025-06-21 16:34:27 #1 server] 
Server on port 6136 has started by 7400@AnderPC

[2025-06-21 16:34:52 #2 store] 
Database 'C:\Users\ander\eclipse-workspace\Rides\src\main\resources\db\src\main\resources\Kirol4ALL.temp' is opened by 7400@AnderPC

------------------------------------------------------------------------------------------------------------------------

[2025-06-21 16:34:53 #1 type] 
Type domain.Socio is not enhanced.

[2025-06-21 16:34:53 #2 type] 
Type domain.Factura is not enhanced.

[2025-06-21 16:34:53 #3 type] 
Type domain.Reserva is not enhanced.

[2025-06-21 16:34:53 #4 type] 
Type domain.Sesion is not enhanced.

[2025-06-21 16:34:53 #5 type] 
Type domain.Actividad is not enhanced.

[2025-06-21 16:34:53 #6 type] 
Type domain.Instalacion is not enhanced.

[2025-06-21 16:34:53 #7 type] 
Type domain.Encargado is not enhanced.

[2025-06-21 16:35:05 #3 store] 
Database 'C:\Users\ander\eclipse-workspace\Rides\src\main\resources\db\src\main\resources\Kirol4ALL.temp' is closed by 7400@AnderPC

------------------------------------------------------------------------------------------------------------------------

[2025-06-21 16:36:19 #1 server] 
Server on port 6136 has started by 12376@AnderPC

[2025-06-21 16:36:27 #2 store] 
Database 'C:\Users\ander\eclipse-workspace\Rides\src\main\resources\db\src\main\resources\Kirol4ALL.temp' is opened by 12376@AnderPC

------------------------------------------------------------------------------------------------------------------------

[2025-06-21 16:36:27 #1 type] 
Type domain.Socio is not enhanced.

[2025-06-21 16:36:27 #2 type] 
Type domain.Factura is not enhanced.

[2025-06-21 16:36:27 #3 type] 
Type domain.Reserva is not enhanced.

[2025-06-21 16:36:27 #4 type] 
Type domain.Sesion is not enhanced.

[2025-06-21 16:36:27 #5 type] 
Type domain.Actividad is not enhanced.

[2025-06-21 16:36:27 #6 type] 
Type domain.Instalacion is not enhanced.

[2025-06-21 16:36:28 #7 type] 
Type domain.Encargado is not enhanced.

[2025-06-21 16:36:39 #3 store] 
Database 'C:\Users\ander\eclipse-workspace\Rides\src\main\resources\db\src\main\resources\Kirol4ALL.temp' is closed by 12376@AnderPC

------------------------------------------------------------------------------------------------------------------------

[2025-06-21 16:43:29 #1 server] 
Server on port 6136 has started by 4100@AnderPC

[2025-06-21 16:43:34 #2 store] 
Database 'C:\Users\ander\eclipse-workspace\Rides\src\main\resources\db\src\main\resources\Kirol4ALL.temp' is opened by 4100@AnderPC

------------------------------------------------------------------------------------------------------------------------

[2025-06-21 16:43:35 #1 type] 
Type domain.Socio is not enhanced.

[2025-06-21 16:43:35 #2 type] 
Type domain.Factura is not enhanced.

[2025-06-21 16:43:35 #3 type] 
Type domain.Reserva is not enhanced.

[2025-06-21 16:43:35 #4 type] 
Type domain.Sesion is not enhanced.

[2025-06-21 16:43:35 #5 type] 
Type domain.Actividad is not enhanced.

[2025-06-21 16:43:35 #6 type] 
Type domain.Instalacion is not enhanced.

[2025-06-21 16:43:35 #7 type] 
Type domain.Encargado is not enhanced.

[2025-06-21 16:47:22 #3 store] 
Database 'C:\Users\ander\eclipse-workspace\Rides\src\main\resources\db\src\main\resources\Kirol4ALL.temp' is closed by 4100@AnderPC

------------------------------------------------------------------------------------------------------------------------

[2025-06-21 16:49:30 #1 server] 
Server on port 6136 has started by 11084@AnderPC

[2025-06-21 16:49:36 #2 store] 
Database 'C:\Users\ander\eclipse-workspace\Rides\src\main\resources\db\src\main\resources\Kirol4ALL.temp' is opened by 11084@AnderPC

------------------------------------------------------------------------------------------------------------------------

[2025-06-21 16:49:36 #1 type] 
Type domain.Socio is not enhanced.

[2025-06-21 16:49:36 #2 type] 
Type domain.Factura is not enhanced.

[2025-06-21 16:49:36 #3 type] 
Type domain.Reserva is not enhanced.

[2025-06-21 16:49:36 #4 type] 
Type domain.Sesion is not enhanced.

[2025-06-21 16:49:36 #5 type] 
Type domain.Actividad is not enhanced.

[2025-06-21 16:49:37 #6 type] 
Type domain.Instalacion is not enhanced.

[2025-06-21 16:49:37 #7 type] 
Type domain.Encargado is not enhanced.

[2025-06-21 16:49:50 #3 store] 
Database 'C:\Users\ander\eclipse-workspace\Rides\src\main\resources\db\src\main\resources\Kirol4ALL.temp' is closed by 11084@AnderPC

------------------------------------------------------------------------------------------------------------------------

[2025-06-21 16:54:40 #1 server] 
Server on port 6136 has started by 112@AnderPC

[2025-06-21 16:54:45 #2 store] 
Database 'C:\Users\ander\eclipse-workspace\Rides\src\main\resources\db\src\main\resources\Kirol4ALL.temp' is opened by 112@AnderPC

------------------------------------------------------------------------------------------------------------------------

[2025-06-21 16:54:46 #1 type] 
Type domain.Socio is not enhanced.

[2025-06-21 16:54:46 #2 type] 
Type domain.Factura is not enhanced.

[2025-06-21 16:54:46 #3 type] 
Type domain.Reserva is not enhanced.

[2025-06-21 16:54:46 #4 type] 
Type domain.Sesion is not enhanced.

[2025-06-21 16:54:46 #5 type] 
Type domain.Actividad is not enhanced.

[2025-06-21 16:54:46 #6 type] 
Type domain.Instalacion is not enhanced.

[2025-06-21 16:54:46 #7 type] 
Type domain.Encargado is not enhanced.

[2025-06-21 16:56:21 #3 store] 
Database 'C:\Users\ander\eclipse-workspace\Rides\src\main\resources\db\src\main\resources\Kirol4ALL.temp' is closed by 112@AnderPC

------------------------------------------------------------------------------------------------------------------------

[2025-06-21 16:57:22 #1 server] 
Server on port 6136 has started by 10728@AnderPC

[2025-06-21 16:57:27 #2 store] 
Database 'C:\Users\ander\eclipse-workspace\Rides\src\main\resources\db\src\main\resources\Kirol4ALL.temp' is opened by 10728@AnderPC

------------------------------------------------------------------------------------------------------------------------

[2025-06-21 16:57:28 #1 type] 
Type domain.Socio is not enhanced.

[2025-06-21 16:57:28 #2 type] 
Type domain.Factura is not enhanced.

[2025-06-21 16:57:28 #3 type] 
Type domain.Reserva is not enhanced.

[2025-06-21 16:57:28 #4 type] 
Type domain.Sesion is not enhanced.

[2025-06-21 16:57:28 #5 type] 
Type domain.Actividad is not enhanced.

[2025-06-21 16:57:28 #6 type] 
Type domain.Instalacion is not enhanced.

[2025-06-21 16:57:28 #7 type] 
Type domain.Encargado is not enhanced.

[2025-06-21 16:57:59 #3 store] 
Database 'C:\Users\ander\eclipse-workspace\Rides\src\main\resources\db\src\main\resources\Kirol4ALL.temp' is closed by 10728@AnderPC

------------------------------------------------------------------------------------------------------------------------

[2025-06-21 17:05:31 #1 server] 
Server on port 6136 has started by 7216@AnderPC

[2025-06-21 17:05:35 #2 store] 
Database 'C:\Users\ander\eclipse-workspace\Rides\src\main\resources\db\src\main\resources\Kirol4ALL.temp' is opened by 7216@AnderPC

------------------------------------------------------------------------------------------------------------------------

[2025-06-21 17:05:35 #1 type] 
Type domain.Socio is not enhanced.

[2025-06-21 17:05:35 #2 type] 
Type domain.Factura is not enhanced.

[2025-06-21 17:05:35 #3 type] 
Type domain.Reserva is not enhanced.

[2025-06-21 17:05:35 #4 type] 
Type domain.Sesion is not enhanced.

[2025-06-21 17:05:35 #5 type] 
Type domain.Actividad is not enhanced.

[2025-06-21 17:05:35 #6 type] 
Type domain.Instalacion is not enhanced.

[2025-06-21 17:05:35 #7 type] 
Type domain.Encargado is not enhanced.

------------------------------------------------------------------------------------------------------------------------

[2025-06-21 17:08:33 #1 server] 
java.net.BindException: Address already in use: JVM_Bind
	at java.net.DualStackPlainSocketImpl.bind0(Native Method)
	at java.net.DualStackPlainSocketImpl.socketBind(Unknown Source)
	at java.net.AbstractPlainSocketImpl.bind(Unknown Source)
	at java.net.PlainSocketImpl.bind(Unknown Source)
	at java.net.ServerSocket.bind(Unknown Source)
	at java.net.ServerSocket.<init>(Unknown Source)
	at java.net.ServerSocket.<init>(Unknown Source)
	at com.objectdb.o.SMR.I(SMR.java:259)
	at com.objectdb.o.SMR.n(SMR.java:159)
	at com.objectdb.o.TOL.run(TOL.java:116)
	at com.objectdb.Server.runCommand(Server.java:193)
	at com.objectdb.Server.run(Server.java:102)
	at com.objectdb.ServerRunner.main(ServerRunner.java:31)

[2025-06-21 17:08:44 #3 store] 
Database 'C:\Users\ander\eclipse-workspace\Rides\src\main\resources\db\src\main\resources\Kirol4ALL.temp' is closed by 7216@AnderPC

------------------------------------------------------------------------------------------------------------------------

[2025-06-21 17:48:31 #1 server] 
Server on port 6136 has started by 6832@AnderPC

[2025-06-21 17:48:37 #2 store] 
Database 'C:\Users\ander\eclipse-workspace\Kirol4ALL\src\main\resources\db\src\main\resources\Kirol4ALL.temp' is opened by 6832@AnderPC

------------------------------------------------------------------------------------------------------------------------

[2025-06-21 17:48:37 #1 type] 
Type domain.Socio is not enhanced.

[2025-06-21 17:48:37 #2 type] 
Type domain.Factura is not enhanced.

[2025-06-21 17:48:37 #3 type] 
Type domain.Reserva is not enhanced.

[2025-06-21 17:48:37 #4 type] 
Type domain.Sesion is not enhanced.

[2025-06-21 17:48:37 #5 type] 
Type domain.Actividad is not enhanced.

[2025-06-21 17:48:37 #6 type] 
Type domain.Instalacion is not enhanced.

[2025-06-21 17:48:37 #7 type] 
Type domain.Encargado is not enhanced.

------------------------------------------------------------------------------------------------------------------------

[2025-06-21 17:50:23 #1 server] 
java.net.BindException: Address already in use: bind
	at java.base/sun.nio.ch.Net.bind0(Native Method)
	at java.base/sun.nio.ch.Net.bind(Net.java:565)
	at java.base/sun.nio.ch.Net.bind(Net.java:554)
	at java.base/sun.nio.ch.NioSocketImpl.bind(NioSocketImpl.java:636)
	at java.base/java.net.ServerSocket.bind(ServerSocket.java:390)
	at java.base/java.net.ServerSocket.<init>(ServerSocket.java:277)
	at java.base/java.net.ServerSocket.<init>(ServerSocket.java:221)
	at com.objectdb.o.SMR.I(SMR.java:259)
	at com.objectdb.o.SMR.n(SMR.java:159)
	at com.objectdb.o.TOL.run(TOL.java:116)
	at com.objectdb.Server.runCommand(Server.java:200)
	at com.objectdb.Server.run(Server.java:104)
	at com.objectdb.Server.main(Server.java:63)

[2025-06-21 17:50:28 #3 store] 
Database 'C:\Users\ander\eclipse-workspace\Kirol4ALL\src\main\resources\db\src\main\resources\Kirol4ALL.temp' is closed by 6832@AnderPC

------------------------------------------------------------------------------------------------------------------------

[2025-06-21 17:50:39 #1 server] 
Server on port 6136 has started by 5608@AnderPC

[2025-06-21 17:50:44 #2 store] 
Database 'C:\Users\ander\eclipse-workspace\Kirol4ALL\src\main\resources\db\src\main\resources\Kirol4ALL.temp' is opened by 5608@AnderPC

------------------------------------------------------------------------------------------------------------------------

[2025-06-21 17:50:45 #1 type] 
Type domain.Socio is not enhanced.

[2025-06-21 17:50:45 #2 type] 
Type domain.Factura is not enhanced.

[2025-06-21 17:50:45 #3 type] 
Type domain.Reserva is not enhanced.

[2025-06-21 17:50:45 #4 type] 
Type domain.Sesion is not enhanced.

[2025-06-21 17:50:45 #5 type] 
Type domain.Actividad is not enhanced.

[2025-06-21 17:50:45 #6 type] 
Type domain.Instalacion is not enhanced.

[2025-06-21 17:50:45 #7 type] 
Type domain.Encargado is not enhanced.

[2025-06-21 17:51:06 #3 store] 
Database 'C:\Users\ander\eclipse-workspace\Kirol4ALL\src\main\resources\db\src\main\resources\Kirol4ALL.temp' is closed by 5608@AnderPC

------------------------------------------------------------------------------------------------------------------------

[2025-06-21 17:52:58 #1 server] 
Server on port 6136 has started by 11524@AnderPC

[2025-06-21 17:53:02 #2 store] 
Database 'C:\Users\ander\eclipse-workspace\Kirol4ALL\src\main\resources\db\src\main\resources\Kirol4ALL.temp' is opened by 11524@AnderPC

------------------------------------------------------------------------------------------------------------------------

[2025-06-21 17:53:03 #1 type] 
Type domain.Socio is not enhanced.

[2025-06-21 17:53:03 #2 type] 
Type domain.Factura is not enhanced.

[2025-06-21 17:53:03 #3 type] 
Type domain.Reserva is not enhanced.

[2025-06-21 17:53:03 #4 type] 
Type domain.Sesion is not enhanced.

[2025-06-21 17:53:03 #5 type] 
Type domain.Actividad is not enhanced.

[2025-06-21 17:53:03 #6 type] 
Type domain.Instalacion is not enhanced.

[2025-06-21 17:53:04 #7 type] 
Type domain.Encargado is not enhanced.

[2025-06-21 17:53:16 #8 type.registry] 
New type com.objectdb.o.LMT

[2025-06-21 17:53:16 #9 type.registry] 
New type com.objectdb.o.VAL

[2025-06-21 17:53:16 #10 type.registry] 
New type com.objectdb.o.RFV

[2025-06-21 17:53:52 #3 store] 
Database 'C:\Users\ander\eclipse-workspace\Kirol4ALL\src\main\resources\db\src\main\resources\Kirol4ALL.temp' is closed by 11524@AnderPC

------------------------------------------------------------------------------------------------------------------------

[2025-06-21 17:56:54 #1 server] 
Server on port 6136 has started by 860@AnderPC

[2025-06-21 17:57:15 #2 store] 
Database 'C:\Users\ander\eclipse-workspace\Kirol4ALL\src\main\resources\db\src\main\resources\Kirol4ALL.temp' is opened by 860@AnderPC

------------------------------------------------------------------------------------------------------------------------

[2025-06-21 17:57:16 #1 type] 
Type domain.Socio is not enhanced.

[2025-06-21 17:57:16 #2 type] 
Type domain.Factura is not enhanced.

[2025-06-21 17:57:16 #3 type] 
Type domain.Reserva is not enhanced.

[2025-06-21 17:57:16 #4 type] 
Type domain.Sesion is not enhanced.

[2025-06-21 17:57:16 #5 type] 
Type domain.Actividad is not enhanced.

[2025-06-21 17:57:16 #6 type] 
Type domain.Instalacion is not enhanced.

[2025-06-21 17:57:16 #7 type] 
Type domain.Encargado is not enhanced.

[2025-06-21 17:57:23 #3 store] 
Database 'C:\Users\ander\eclipse-workspace\Kirol4ALL\src\main\resources\db\src\main\resources\Kirol4ALL.temp' is closed by 860@AnderPC

[2025-06-21 18:16:42 #4 server] 
Server on port 6136 has stopped by 860@AnderPC

------------------------------------------------------------------------------------------------------------------------

[2025-06-21 18:16:56 #1 server] 
Server on port 6136 has started by 3316@AnderPC

------------------------------------------------------------------------------------------------------------------------

[2025-06-21 18:26:43 #1 server] 
Server on port 6136 has started by 9236@AnderPC

[2025-06-21 18:26:48 #2 store] 
Database 'C:\Users\ander\eclipse-workspace\Kirol4ALL\src\main\resources\db\src\main\resources\Kirol4ALL.temp' is opened by 9236@AnderPC

------------------------------------------------------------------------------------------------------------------------

[2025-06-21 18:26:49 #1 type] 
Type domain.Socio is not enhanced.

[2025-06-21 18:26:49 #2 type] 
Type domain.Factura is not enhanced.

[2025-06-21 18:26:49 #3 type] 
Type domain.Reserva is not enhanced.

[2025-06-21 18:26:49 #4 type] 
Type domain.Sesion is not enhanced.

[2025-06-21 18:26:49 #5 type] 
Type domain.Actividad is not enhanced.

[2025-06-21 18:26:49 #6 type] 
Type domain.Instalacion is not enhanced.

[2025-06-21 18:26:49 #7 type] 
Type domain.Encargado is not enhanced.

[2025-06-21 18:28:23 #3 store] 
Database 'C:\Users\ander\eclipse-workspace\Kirol4ALL\src\main\resources\db\src\main\resources\Kirol4ALL.temp' is closed by 9236@AnderPC

------------------------------------------------------------------------------------------------------------------------

[2025-06-21 18:28:41 #1 server] 
Server on port 6136 has started by 3368@AnderPC

[2025-06-21 18:28:45 #2 store] 
Database 'C:\Users\ander\eclipse-workspace\Kirol4ALL\src\main\resources\db\src\main\resources\Kirol4ALL.temp' is opened by 3368@AnderPC

------------------------------------------------------------------------------------------------------------------------

[2025-06-21 18:28:46 #1 type] 
Type domain.Socio is not enhanced.

[2025-06-21 18:28:46 #2 type] 
Type domain.Factura is not enhanced.

[2025-06-21 18:28:46 #3 type] 
Type domain.Reserva is not enhanced.

[2025-06-21 18:28:46 #4 type] 
Type domain.Sesion is not enhanced.

[2025-06-21 18:28:46 #5 type] 
Type domain.Actividad is not enhanced.

[2025-06-21 18:28:46 #6 type] 
Type domain.Instalacion is not enhanced.

[2025-06-21 18:28:46 #7 type] 
Type domain.Encargado is not enhanced.

[2025-06-21 18:29:53 #3 store] 
Database 'C:\Users\ander\eclipse-workspace\Kirol4ALL\src\main\resources\db\src\main\resources\Kirol4ALL.temp' is closed by 3368@AnderPC

------------------------------------------------------------------------------------------------------------------------

[2025-06-21 18:30:02 #1 server] 
Server on port 6136 has started by 9520@AnderPC

[2025-06-21 18:30:05 #2 store] 
Database 'C:\Users\ander\eclipse-workspace\Kirol4ALL\src\main\resources\db\src\main\resources\Kirol4ALL.temp' is opened by 9520@AnderPC

------------------------------------------------------------------------------------------------------------------------

[2025-06-21 18:30:06 #1 type] 
Type domain.Socio is not enhanced.

[2025-06-21 18:30:06 #2 type] 
Type domain.Factura is not enhanced.

[2025-06-21 18:30:06 #3 type] 
Type domain.Reserva is not enhanced.

[2025-06-21 18:30:06 #4 type] 
Type domain.Sesion is not enhanced.

[2025-06-21 18:30:06 #5 type] 
Type domain.Actividad is not enhanced.

[2025-06-21 18:30:06 #6 type] 
Type domain.Instalacion is not enhanced.

[2025-06-21 18:30:07 #7 type] 
Type domain.Encargado is not enhanced.

[2025-06-21 18:30:18 #3 store] 
Database 'C:\Users\ander\eclipse-workspace\Kirol4ALL\src\main\resources\db\src\main\resources\Kirol4ALL.temp' is closed by 9520@AnderPC

------------------------------------------------------------------------------------------------------------------------

[2025-06-21 18:32:54 #1 server] 
Server on port 6136 has started by 504@AnderPC

[2025-06-21 18:32:57 #2 store] 
Database 'C:\Users\ander\eclipse-workspace\Kirol4ALL\src\main\resources\db\src\main\resources\Kirol4ALL.temp' is opened by 504@AnderPC

------------------------------------------------------------------------------------------------------------------------

[2025-06-21 18:32:58 #1 type] 
Type domain.Socio is not enhanced.

[2025-06-21 18:32:58 #2 type] 
Type domain.Factura is not enhanced.

[2025-06-21 18:32:58 #3 type] 
Type domain.Reserva is not enhanced.

[2025-06-21 18:32:58 #4 type] 
Type domain.Sesion is not enhanced.

[2025-06-21 18:32:58 #5 type] 
Type domain.Actividad is not enhanced.

[2025-06-21 18:32:58 #6 type] 
Type domain.Instalacion is not enhanced.

[2025-06-21 18:32:58 #7 type] 
Type domain.Encargado is not enhanced.

[2025-06-21 18:33:20 #3 store] 
Database 'C:\Users\ander\eclipse-workspace\Kirol4ALL\src\main\resources\db\src\main\resources\Kirol4ALL.temp' is closed by 504@AnderPC

------------------------------------------------------------------------------------------------------------------------

[2025-06-21 18:35:21 #1 server] 
Server on port 6136 has started by 1720@AnderPC

[2025-06-21 18:35:25 #2 store] 
Database 'C:\Users\ander\eclipse-workspace\Kirol4ALL\src\main\resources\db\src\main\resources\Kirol4ALL.temp' is opened by 1720@AnderPC

------------------------------------------------------------------------------------------------------------------------

[2025-06-21 18:35:26 #1 type] 
Type domain.Socio is not enhanced.

[2025-06-21 18:35:26 #2 type] 
Type domain.Factura is not enhanced.

[2025-06-21 18:35:26 #3 type] 
Type domain.Reserva is not enhanced.

[2025-06-21 18:35:26 #4 type] 
Type domain.Sesion is not enhanced.

[2025-06-21 18:35:26 #5 type] 
Type domain.Actividad is not enhanced.

[2025-06-21 18:35:26 #6 type] 
Type domain.Instalacion is not enhanced.

[2025-06-21 18:35:27 #7 type] 
Type domain.Encargado is not enhanced.

[2025-06-21 18:36:26 #3 store] 
Database 'C:\Users\ander\eclipse-workspace\Kirol4ALL\src\main\resources\db\src\main\resources\Kirol4ALL.temp' is closed by 1720@AnderPC

------------------------------------------------------------------------------------------------------------------------

[2025-06-21 18:36:54 #1 server] 
Server on port 6136 has started by 11392@AnderPC

[2025-06-21 18:36:58 #2 store] 
Database 'C:\Users\ander\eclipse-workspace\Kirol4ALL\src\main\resources\db\src\main\resources\Kirol4ALL.temp' is opened by 11392@AnderPC

------------------------------------------------------------------------------------------------------------------------

[2025-06-21 18:36:59 #1 type] 
Type domain.Socio is not enhanced.

[2025-06-21 18:36:59 #2 type] 
Type domain.Factura is not enhanced.

[2025-06-21 18:36:59 #3 type] 
Type domain.Reserva is not enhanced.

[2025-06-21 18:36:59 #4 type] 
Type domain.Sesion is not enhanced.

[2025-06-21 18:36:59 #5 type] 
Type domain.Actividad is not enhanced.

[2025-06-21 18:36:59 #6 type] 
Type domain.Instalacion is not enhanced.

[2025-06-21 18:36:59 #7 type] 
Type domain.Encargado is not enhanced.

[2025-06-21 18:40:31 #3 store] 
Database 'C:\Users\ander\eclipse-workspace\Kirol4ALL\src\main\resources\db\src\main\resources\Kirol4ALL.temp' is closed by 11392@AnderPC

------------------------------------------------------------------------------------------------------------------------

[2025-06-21 18:40:51 #1 server] 
Server on port 6136 has started by 6176@AnderPC

[2025-06-21 18:41:01 #2 store] 
Database 'C:\Users\ander\eclipse-workspace\Kirol4ALL\src\main\resources\db\src\main\resources\Kirol4ALL.temp' is opened by 6176@AnderPC

------------------------------------------------------------------------------------------------------------------------

[2025-06-21 18:41:02 #1 type] 
Type domain.Socio is not enhanced.

[2025-06-21 18:41:02 #2 type] 
Type domain.Factura is not enhanced.

[2025-06-21 18:41:02 #3 type] 
Type domain.Reserva is not enhanced.

[2025-06-21 18:41:02 #4 type] 
Type domain.Sesion is not enhanced.

[2025-06-21 18:41:02 #5 type] 
Type domain.Actividad is not enhanced.

[2025-06-21 18:41:02 #6 type] 
Type domain.Instalacion is not enhanced.

[2025-06-21 18:41:02 #7 type] 
Type domain.Encargado is not enhanced.

[2025-06-21 18:42:30 #3 store] 
Database 'C:\Users\ander\eclipse-workspace\Kirol4ALL\src\main\resources\db\src\main\resources\Kirol4ALL.temp' is closed by 6176@AnderPC

------------------------------------------------------------------------------------------------------------------------

[2025-06-21 18:56:17 #1 server] 
Server on port 6136 has started by 2456@AnderPC

[2025-06-21 18:56:21 #2 store] 
Database 'C:\Users\ander\eclipse-workspace\Kirol4ALL\src\main\resources\db\src\main\resources\Kirol4ALL.odb' is opened by 2456@AnderPC

[2025-06-21 18:56:35 #3 store] 
Database 'C:\Users\ander\eclipse-workspace\Kirol4ALL\src\main\resources\db\src\main\resources\Kirol4ALL.odb' is closed by 2456@AnderPC

------------------------------------------------------------------------------------------------------------------------

[2025-06-21 18:58:50 #1 server] 
Server on port 6136 has started by 5732@AnderPC

[2025-06-21 18:58:55 #2 store] 
Database 'C:\Users\ander\eclipse-workspace\Kirol4ALL\src\main\resources\db\src\main\resources\Kirol4ALL.odb' is opened by 5732@AnderPC

------------------------------------------------------------------------------------------------------------------------

[2025-06-21 18:58:55 #1 type.registry] 
New type domain.Socio

[2025-06-21 18:58:55 #2 type] 
Type domain.Socio is not enhanced.

[2025-06-21 18:58:55 #3 type.registry] 
New type domain.Factura

[2025-06-21 18:58:55 #4 type.registry] 
New type domain.Reserva

[2025-06-21 18:58:55 #5 type] 
Type domain.Factura is not enhanced.

[2025-06-21 18:58:55 #6 type.registry] 
New type configuration.EstadoFactura

[2025-06-21 18:58:55 #7 type] 
Type domain.Reserva is not enhanced.

[2025-06-21 18:58:55 #8 type.registry] 
New type domain.Sesion

[2025-06-21 18:58:56 #9 type.registry] 
New type configuration.Estado

[2025-06-21 18:58:56 #10 type] 
Type domain.Sesion is not enhanced.

[2025-06-21 18:58:56 #11 type.registry] 
New type domain.Actividad

[2025-06-21 18:58:56 #12 type.registry] 
New type domain.Instalacion

[2025-06-21 18:58:56 #13 type] 
Type domain.Actividad is not enhanced.

[2025-06-21 18:58:56 #14 type] 
Type domain.Instalacion is not enhanced.

[2025-06-21 18:58:56 #15 type.registry] 
New type domain.Encargado

[2025-06-21 18:58:56 #16 type] 
Type domain.Encargado is not enhanced.

[2025-06-21 18:58:56 #17 type.registry] 
New type java.util.ArrayList<java.lang.Object>

[2025-06-21 18:58:56 #18 type.registry] 
New type java.util.ArrayList<domain.Reserva>

[2025-06-21 18:58:56 #19 type.registry] 
New type java.util.ArrayList<domain.Factura>

[2025-06-21 18:58:56 #20 type.registry] 
New type java.util.ArrayList<domain.Sesion>

[2025-06-21 18:58:56 #21 type.registry] 
New type java.util.ArrayList<domain.Instalacion>

[2025-06-21 18:59:26 #22 type.registry] 
New type com.objectdb.o.LMT

[2025-06-21 18:59:26 #23 type.registry] 
New type com.objectdb.o.VAL

[2025-06-21 18:59:26 #24 type.registry] 
New type com.objectdb.o.RFV

[2025-06-21 18:59:34 #3 store] 
Database 'C:\Users\ander\eclipse-workspace\Kirol4ALL\src\main\resources\db\src\main\resources\Kirol4ALL.odb' is closed by 5732@AnderPC

------------------------------------------------------------------------------------------------------------------------

[2025-06-21 19:19:00 #1 server] 
Server on port 6136 has started by 10752@AnderPC

[2025-06-21 19:19:03 #2 store] 
Database 'C:\Users\ander\eclipse-workspace\Kirol4ALL\src\main\resources\db\src\main\resources\Kirol4ALL.odb' is opened by 10752@AnderPC

------------------------------------------------------------------------------------------------------------------------

[2025-06-21 19:19:04 #1 type] 
Type domain.Socio is not enhanced.

[2025-06-21 19:19:04 #2 type] 
Type domain.Factura is not enhanced.

[2025-06-21 19:19:04 #3 type] 
Type domain.Reserva is not enhanced.

[2025-06-21 19:19:04 #4 type] 
Type domain.Sesion is not enhanced.

[2025-06-21 19:19:04 #5 type] 
Type domain.Actividad is not enhanced.

[2025-06-21 19:19:04 #6 type] 
Type domain.Instalacion is not enhanced.

[2025-06-21 19:19:04 #7 type] 
Type domain.Encargado is not enhanced.

[2025-06-21 19:19:42 #3 store] 
Database 'C:\Users\ander\eclipse-workspace\Kirol4ALL\src\main\resources\db\src\main\resources\Kirol4ALL.odb' is closed by 10752@AnderPC

------------------------------------------------------------------------------------------------------------------------

[2025-06-21 19:21:00 #1 server] 
Server on port 6136 has started by 12776@AnderPC

[2025-06-21 19:21:07 #2 store] 
Database 'C:\Users\ander\eclipse-workspace\Kirol4ALL\src\main\resources\db\src\main\resources\Kirol4ALL.odb' is opened by 12776@AnderPC

------------------------------------------------------------------------------------------------------------------------

[2025-06-21 19:21:08 #1 type] 
Type domain.Socio is not enhanced.

[2025-06-21 19:21:08 #2 type] 
Type domain.Factura is not enhanced.

[2025-06-21 19:21:08 #3 type] 
Type domain.Reserva is not enhanced.

[2025-06-21 19:21:08 #4 type] 
Type domain.Sesion is not enhanced.

[2025-06-21 19:21:08 #5 type] 
Type domain.Actividad is not enhanced.

[2025-06-21 19:21:08 #6 type] 
Type domain.Instalacion is not enhanced.

[2025-06-21 19:21:08 #7 type] 
Type domain.Encargado is not enhanced.

[2025-06-21 19:22:58 #3 store] 
Database 'C:\Users\ander\eclipse-workspace\Kirol4ALL\src\main\resources\db\src\main\resources\Kirol4ALL.odb' is closed by 12776@AnderPC

------------------------------------------------------------------------------------------------------------------------

[2025-06-21 19:23:07 #1 store] 
Database 'C:\Users\ander\eclipse-workspace\Kirol4ALL\src\main\resources\Kirol4ALL.odb' is opened by 11508@AnderPC

------------------------------------------------------------------------------------------------------------------------

[2025-06-21 19:23:41 #1 store] 
Database 'C:\Users\ander\eclipse-workspace\Kirol4ALL\src\main\resources\Kirol4ALL.odb' is opened by 6344@AnderPC

[2025-06-21 19:24:15 #2 type.registry] 
New type domain.Sesion

[2025-06-21 19:24:15 #3 type] 
Type domain.Sesion is not enhanced.

[2025-06-21 19:24:15 #4 type.registry] 
New type domain.Reserva

[2025-06-21 19:24:15 #5 type.registry] 
New type domain.Actividad

[2025-06-21 19:24:15 #6 type.registry] 
New type domain.Instalacion

[2025-06-21 19:24:15 #7 type] 
Type domain.Reserva is not enhanced.

[2025-06-21 19:24:15 #8 type.registry] 
New type domain.Socio

[2025-06-21 19:24:15 #9 type.registry] 
New type configuration.Estado

[2025-06-21 19:24:15 #10 type] 
Type domain.Actividad is not enhanced.

[2025-06-21 19:24:15 #11 type] 
Type domain.Instalacion is not enhanced.

[2025-06-21 19:24:15 #12 type.registry] 
New type domain.Encargado

[2025-06-21 19:24:15 #13 type] 
Type domain.Socio is not enhanced.

[2025-06-21 19:24:15 #14 type.registry] 
New type domain.Factura

[2025-06-21 19:24:15 #15 type] 
Type domain.Encargado is not enhanced.

[2025-06-21 19:24:15 #16 type] 
Type domain.Factura is not enhanced.

[2025-06-21 19:24:15 #17 type.registry] 
New type configuration.EstadoFactura

------------------------------------------------------------------------------------------------------------------------

[2025-06-21 19:25:04 #1 server] 
Server on port 6136 has started by 10356@AnderPC

[2025-06-21 19:25:10 #2 store] 
Database 'C:\Users\ander\eclipse-workspace\Kirol4ALL\src\main\resources\db\src\main\resources\Kirol4ALL.odb' is opened by 10356@AnderPC

------------------------------------------------------------------------------------------------------------------------

[2025-06-21 19:25:11 #1 type] 
Type domain.Socio is not enhanced.

[2025-06-21 19:25:11 #2 type] 
Type domain.Factura is not enhanced.

[2025-06-21 19:25:11 #3 type] 
Type domain.Reserva is not enhanced.

[2025-06-21 19:25:11 #4 type] 
Type domain.Sesion is not enhanced.

[2025-06-21 19:25:11 #5 type] 
Type domain.Actividad is not enhanced.

[2025-06-21 19:25:11 #6 type] 
Type domain.Instalacion is not enhanced.

[2025-06-21 19:25:11 #7 type] 
Type domain.Encargado is not enhanced.

[2025-06-21 19:25:35 #3 store] 
Database 'C:\Users\ander\eclipse-workspace\Kirol4ALL\src\main\resources\db\src\main\resources\Kirol4ALL.odb' is closed by 10356@AnderPC

------------------------------------------------------------------------------------------------------------------------

[2025-06-21 19:25:48 #1 server] 
Server on port 6136 has started by 1860@AnderPC

[2025-06-21 19:25:52 #2 store] 
Database 'C:\Users\ander\eclipse-workspace\Kirol4ALL\src\main\resources\db\src\main\resources\Kirol4ALL.odb' is opened by 1860@AnderPC

------------------------------------------------------------------------------------------------------------------------

[2025-06-21 19:25:53 #1 type] 
Type domain.Socio is not enhanced.

[2025-06-21 19:25:53 #2 type] 
Type domain.Factura is not enhanced.

[2025-06-21 19:25:53 #3 type] 
Type domain.Reserva is not enhanced.

[2025-06-21 19:25:53 #4 type] 
Type domain.Sesion is not enhanced.

[2025-06-21 19:25:53 #5 type] 
Type domain.Actividad is not enhanced.

[2025-06-21 19:25:53 #6 type] 
Type domain.Instalacion is not enhanced.

[2025-06-21 19:25:53 #7 type] 
Type domain.Encargado is not enhanced.

[2025-06-21 19:26:26 #3 store] 
Database 'C:\Users\ander\eclipse-workspace\Kirol4ALL\src\main\resources\db\src\main\resources\Kirol4ALL.odb' is closed by 1860@AnderPC

------------------------------------------------------------------------------------------------------------------------

[2025-06-21 19:27:23 #1 server] 
Server on port 6136 has started by 11040@AnderPC

[2025-06-21 19:27:30 #2 store] 
Database 'C:\Users\ander\eclipse-workspace\Kirol4ALL\src\main\resources\db\src\main\resources\Kirol4ALL.odb' is opened by 11040@AnderPC

------------------------------------------------------------------------------------------------------------------------

[2025-06-21 19:27:32 #1 type] 
Type domain.Socio is not enhanced.

[2025-06-21 19:27:32 #2 type] 
Type domain.Factura is not enhanced.

[2025-06-21 19:27:32 #3 type] 
Type domain.Reserva is not enhanced.

[2025-06-21 19:27:32 #4 type] 
Type domain.Sesion is not enhanced.

[2025-06-21 19:27:32 #5 type] 
Type domain.Actividad is not enhanced.

[2025-06-21 19:27:32 #6 type] 
Type domain.Instalacion is not enhanced.

[2025-06-21 19:27:32 #7 type] 
Type domain.Encargado is not enhanced.

[2025-06-21 19:38:41 #3 store] 
Database 'C:\Users\ander\eclipse-workspace\Kirol4ALL\src\main\resources\db\src\main\resources\Kirol4ALL.odb' is closed by 11040@AnderPC

------------------------------------------------------------------------------------------------------------------------

[2025-06-21 19:38:57 #1 server] 
Server on port 6136 has started by 12840@AnderPC

[2025-06-21 19:39:03 #2 store] 
Database 'C:\Users\ander\eclipse-workspace\Kirol4ALL\src\main\resources\db\src\main\resources\Kirol4ALL.odb' is opened by 12840@AnderPC

------------------------------------------------------------------------------------------------------------------------

[2025-06-21 19:39:06 #1 type] 
Type domain.Socio is not enhanced.

[2025-06-21 19:39:06 #2 type] 
Type domain.Factura is not enhanced.

[2025-06-21 19:39:06 #3 type] 
Type domain.Reserva is not enhanced.

[2025-06-21 19:39:06 #4 type] 
Type domain.Sesion is not enhanced.

[2025-06-21 19:39:06 #5 type] 
Type domain.Actividad is not enhanced.

[2025-06-21 19:39:06 #6 type] 
Type domain.Instalacion is not enhanced.

[2025-06-21 19:39:06 #7 type] 
Type domain.Encargado is not enhanced.

[2025-06-21 19:39:58 #3 store] 
Database 'C:\Users\ander\eclipse-workspace\Kirol4ALL\src\main\resources\db\src\main\resources\Kirol4ALL.odb' is closed by 12840@AnderPC

