------------------------------------------------------------------------------------------------------------------------

[2025-05-21 12:15:44 #1 store] 
Database 'C:\Users\ander\git\repository\KIROL4ALL\kirol.odb' is opened by 14116@AnderPC

[2025-05-21 12:15:44 #2 store] 
Configuration path: ?

[2025-05-21 12:15:45 #3 type] 
Type domain.Socio is not enhanced.

[2025-05-21 12:15:45 #4 type] 
Type domain.Factura is not enhanced.

[2025-05-21 12:15:45 #5 type] 
Type domain.Reserva is not enhanced.

[2025-05-21 12:15:45 #6 type] 
Type domain.Sesion is not enhanced.

[2025-05-21 12:15:45 #7 type] 
Type domain.Actividad is not enhanced.

[2025-05-21 12:15:45 #8 type] 
Type domain.Instalacion is not enhanced.

[2025-05-21 12:15:45 #9 type] 
Type domain.Encargado is not enhanced.

------------------------------------------------------------------------------------------------------------------------

[2025-05-21 12:23:41 #1 store] 
Database 'C:\Users\ander\git\repository\KIROL4ALL\kirol.odb' is opened by 10560@AnderPC

[2025-05-21 12:23:41 #2 store] 
Configuration path: ?

[2025-05-21 12:23:41 #3 type] 
Type domain.Socio is not enhanced.

[2025-05-21 12:23:41 #4 type] 
Type domain.Factura is not enhanced.

[2025-05-21 12:23:41 #5 type] 
Type domain.Reserva is not enhanced.

[2025-05-21 12:23:41 #6 type] 
Type domain.Sesion is not enhanced.

[2025-05-21 12:23:41 #7 type] 
Type domain.Actividad is not enhanced.

[2025-05-21 12:23:41 #8 type] 
Type domain.Instalacion is not enhanced.

[2025-05-21 12:23:41 #9 type] 
Type domain.Encargado is not enhanced.

------------------------------------------------------------------------------------------------------------------------

[2025-05-21 12:26:31 #1 store] 
Database 'C:\Users\ander\git\repository\KIROL4ALL\kirol.odb' is opened by 11020@AnderPC

[2025-05-21 12:26:31 #2 store] 
Configuration path: ?

[2025-05-21 12:26:31 #3 type] 
Type domain.Socio is not enhanced.

[2025-05-21 12:26:31 #4 type] 
Type domain.Factura is not enhanced.

[2025-05-21 12:26:31 #5 type] 
Type domain.Reserva is not enhanced.

[2025-05-21 12:26:31 #6 type] 
Type domain.Sesion is not enhanced.

[2025-05-21 12:26:31 #7 type] 
Type domain.Actividad is not enhanced.

[2025-05-21 12:26:31 #8 type] 
Type domain.Instalacion is not enhanced.

[2025-05-21 12:26:31 #9 type] 
Type domain.Encargado is not enhanced.

------------------------------------------------------------------------------------------------------------------------

[2025-05-21 12:28:05 #1 store] 
Database 'C:\Users\ander\git\repository\KIROL4ALL\kirol.odb' is opened by 11712@AnderPC

[2025-05-21 12:28:05 #2 store] 
Configuration path: ?

[2025-05-21 12:28:05 #3 type] 
Type domain.Socio is not enhanced.

[2025-05-21 12:28:05 #4 type] 
Type domain.Factura is not enhanced.

[2025-05-21 12:28:05 #5 type] 
Type domain.Reserva is not enhanced.

[2025-05-21 12:28:05 #6 type] 
Type domain.Sesion is not enhanced.

[2025-05-21 12:28:05 #7 type] 
Type domain.Actividad is not enhanced.

[2025-05-21 12:28:05 #8 type] 
Type domain.Instalacion is not enhanced.

[2025-05-21 12:28:05 #9 type] 
Type domain.Encargado is not enhanced.

------------------------------------------------------------------------------------------------------------------------

[2025-05-21 12:30:32 #1 store] 
Database 'C:\Users\ander\git\repository\KIROL4ALL\kirol.odb' is opened by 1492@AnderPC

[2025-05-21 12:30:32 #2 store] 
Configuration path: ?

[2025-05-21 12:30:32 #3 type] 
Type domain.Socio is not enhanced.

[2025-05-21 12:30:32 #4 type] 
Type domain.Factura is not enhanced.

[2025-05-21 12:30:32 #5 type] 
Type domain.Reserva is not enhanced.

[2025-05-21 12:30:32 #6 type] 
Type domain.Sesion is not enhanced.

[2025-05-21 12:30:32 #7 type] 
Type domain.Actividad is not enhanced.

[2025-05-21 12:30:32 #8 type] 
Type domain.Instalacion is not enhanced.

[2025-05-21 12:30:32 #9 type] 
Type domain.Encargado is not enhanced.

------------------------------------------------------------------------------------------------------------------------

[2025-05-21 12:32:18 #1 store] 
Database 'C:\Users\ander\git\repository\KIROL4ALL\kirol.odb' is opened by 6400@AnderPC

[2025-05-21 12:32:18 #2 store] 
Configuration path: ?

[2025-05-21 12:32:19 #3 type] 
Type domain.Socio is not enhanced.

[2025-05-21 12:32:19 #4 type] 
Type domain.Factura is not enhanced.

[2025-05-21 12:32:19 #5 type] 
Type domain.Reserva is not enhanced.

[2025-05-21 12:32:19 #6 type] 
Type domain.Sesion is not enhanced.

[2025-05-21 12:32:19 #7 type] 
Type domain.Actividad is not enhanced.

[2025-05-21 12:32:19 #8 type] 
Type domain.Instalacion is not enhanced.

[2025-05-21 12:32:19 #9 type] 
Type domain.Encargado is not enhanced.

------------------------------------------------------------------------------------------------------------------------

[2025-05-21 12:39:24 #1 store] 
Database 'C:\Users\ander\git\repository\KIROL4ALL\kirol.odb' is opened by 2848@AnderPC

[2025-05-21 12:39:24 #2 store] 
Configuration path: ?

[2025-05-21 12:39:24 #3 type] 
Type domain.Socio is not enhanced.

[2025-05-21 12:39:24 #4 type] 
Type domain.Factura is not enhanced.

[2025-05-21 12:39:24 #5 type] 
Type domain.Reserva is not enhanced.

[2025-05-21 12:39:24 #6 type] 
Type domain.Sesion is not enhanced.

[2025-05-21 12:39:24 #7 type] 
Type domain.Actividad is not enhanced.

[2025-05-21 12:39:24 #8 type] 
Type domain.Instalacion is not enhanced.

[2025-05-21 12:39:24 #9 type] 
Type domain.Encargado is not enhanced.

------------------------------------------------------------------------------------------------------------------------

[2025-05-21 13:30:19 #1 store] 
Database 'C:\Users\ander\git\repository\KIROL4ALL\kirol.odb' is opened by 12052@AnderPC

[2025-05-21 13:30:19 #2 store] 
Configuration path: ?

[2025-05-21 13:30:20 #3 type] 
Type domain.Socio is not enhanced.

[2025-05-21 13:30:20 #4 type] 
Type domain.Factura is not enhanced.

[2025-05-21 13:30:20 #5 type] 
Type domain.Reserva is not enhanced.

[2025-05-21 13:30:20 #6 type] 
Type domain.Sesion is not enhanced.

[2025-05-21 13:30:20 #7 type] 
Type domain.Actividad is not enhanced.

[2025-05-21 13:30:20 #8 type] 
Type domain.Instalacion is not enhanced.

[2025-05-21 13:30:20 #9 type] 
Type domain.Encargado is not enhanced.

------------------------------------------------------------------------------------------------------------------------

[2025-05-21 13:53:25 #1 store] 
Database 'C:\Users\ander\git\repository\KIROL4ALL\kirol.odb' is opened by 13476@AnderPC

[2025-05-21 13:53:25 #2 store] 
Configuration path: ?

[2025-05-21 13:53:25 #3 type] 
Type domain.Socio is not enhanced.

[2025-05-21 13:53:25 #4 type] 
Type domain.Factura is not enhanced.

[2025-05-21 13:53:25 #5 type] 
Type domain.Reserva is not enhanced.

[2025-05-21 13:53:25 #6 type] 
Type domain.Sesion is not enhanced.

[2025-05-21 13:53:25 #7 type] 
Type domain.Actividad is not enhanced.

[2025-05-21 13:53:25 #8 type] 
Type domain.Instalacion is not enhanced.

[2025-05-21 13:53:25 #9 type] 
Type domain.Encargado is not enhanced.

------------------------------------------------------------------------------------------------------------------------

[2025-05-21 15:25:25 #1 store] 
Database 'C:\Users\ander\git\repository\KIROL4ALL\kirol.odb' is opened by 3872@AnderPC

[2025-05-21 15:25:25 #2 store] 
Configuration path: ?

[2025-05-21 15:25:25 #3 type] 
Type domain.Socio is not enhanced.

[2025-05-21 15:25:25 #4 type] 
Type domain.Factura is not enhanced.

[2025-05-21 15:25:25 #5 type] 
Type domain.Reserva is not enhanced.

[2025-05-21 15:25:25 #6 type] 
Type domain.Sesion is not enhanced.

[2025-05-21 15:25:25 #7 type] 
Type domain.Actividad is not enhanced.

[2025-05-21 15:25:25 #8 type] 
Type domain.Instalacion is not enhanced.

[2025-05-21 15:25:25 #9 type] 
Type domain.Encargado is not enhanced.

------------------------------------------------------------------------------------------------------------------------

[2025-05-21 15:27:42 #1 store] 
Database 'C:\Users\ander\git\repository\KIROL4ALL\kirol.odb' is opened by 4116@AnderPC

[2025-05-21 15:27:42 #2 store] 
Configuration path: ?

[2025-05-21 15:27:42 #3 type] 
Type domain.Socio is not enhanced.

[2025-05-21 15:27:42 #4 type] 
Type domain.Factura is not enhanced.

[2025-05-21 15:27:42 #5 type] 
Type domain.Reserva is not enhanced.

[2025-05-21 15:27:42 #6 type] 
Type domain.Sesion is not enhanced.

[2025-05-21 15:27:42 #7 type] 
Type domain.Actividad is not enhanced.

[2025-05-21 15:27:42 #8 type] 
Type domain.Instalacion is not enhanced.

[2025-05-21 15:27:42 #9 type] 
Type domain.Encargado is not enhanced.

------------------------------------------------------------------------------------------------------------------------

[2025-05-21 15:28:03 #1 store] 
Database 'C:\Users\ander\git\repository\KIROL4ALL\kirol.odb' is opened by 6812@AnderPC

[2025-05-21 15:28:03 #2 store] 
Configuration path: ?

[2025-05-21 15:28:03 #3 type] 
Type domain.Socio is not enhanced.

[2025-05-21 15:28:03 #4 type] 
Type domain.Factura is not enhanced.

[2025-05-21 15:28:03 #5 type] 
Type domain.Reserva is not enhanced.

[2025-05-21 15:28:03 #6 type] 
Type domain.Sesion is not enhanced.

[2025-05-21 15:28:03 #7 type] 
Type domain.Actividad is not enhanced.

[2025-05-21 15:28:03 #8 type] 
Type domain.Instalacion is not enhanced.

[2025-05-21 15:28:03 #9 type] 
Type domain.Encargado is not enhanced.

