------------------------------------------------------------------------------------------------------------------------

[2025-05-18 22:32:15 #1 store] 
Database 'C:\Users\ander\git\repository\KIROL4ALL\kirol.odb' is opened by 2096@AnderPC

[2025-05-18 22:32:15 #2 store] 
Configuration path: ?

[2025-05-18 22:32:15 #3 type] 
Type domain.Socio is not enhanced.

[2025-05-18 22:32:15 #4 type] 
Type domain.Factura is not enhanced.

[2025-05-18 22:32:15 #5 type] 
Type domain.Reserva is not enhanced.

[2025-05-18 22:32:15 #6 type] 
Type domain.Sesion is not enhanced.

[2025-05-18 22:32:15 #7 type] 
Type domain.Actividad is not enhanced.

[2025-05-18 22:32:15 #8 type] 
Type domain.Instalacion is not enhanced.

[2025-05-18 22:32:15 #9 type] 
Type domain.Encargado is not enhanced.

------------------------------------------------------------------------------------------------------------------------

[2025-05-18 22:51:01 #1 store] 
Database 'C:\Users\ander\git\repository\KIROL4ALL\kirol.odb' is opened by 8732@AnderPC

[2025-05-18 22:51:01 #2 store] 
Configuration path: ?

[2025-05-18 22:51:02 #3 type] 
Type domain.Socio is not enhanced.

[2025-05-18 22:51:02 #4 type] 
Type domain.Factura is not enhanced.

[2025-05-18 22:51:02 #5 type] 
Type domain.Reserva is not enhanced.

[2025-05-18 22:51:02 #6 type] 
Type domain.Sesion is not enhanced.

[2025-05-18 22:51:02 #7 type] 
Type domain.Actividad is not enhanced.

[2025-05-18 22:51:02 #8 type] 
Type domain.Instalacion is not enhanced.

[2025-05-18 22:51:02 #9 type] 
Type domain.Encargado is not enhanced.

------------------------------------------------------------------------------------------------------------------------

[2025-05-18 22:54:42 #1 store] 
Database 'C:\Users\ander\git\repository\KIROL4ALL\kirol.odb' is opened by 4680@AnderPC

[2025-05-18 22:54:42 #2 store] 
Configuration path: ?

[2025-05-18 22:54:42 #3 type] 
Type domain.Socio is not enhanced.

[2025-05-18 22:54:42 #4 type] 
Type domain.Factura is not enhanced.

[2025-05-18 22:54:42 #5 type] 
Type domain.Reserva is not enhanced.

[2025-05-18 22:54:42 #6 type] 
Type domain.Sesion is not enhanced.

[2025-05-18 22:54:42 #7 type] 
Type domain.Actividad is not enhanced.

[2025-05-18 22:54:42 #8 type] 
Type domain.Instalacion is not enhanced.

[2025-05-18 22:54:42 #9 type] 
Type domain.Encargado is not enhanced.

------------------------------------------------------------------------------------------------------------------------

[2025-05-18 23:05:48 #1 store] 
Database 'C:\Users\ander\git\repository\KIROL4ALL\kirol.odb' is opened by 4608@AnderPC

[2025-05-18 23:05:48 #2 store] 
Configuration path: ?

[2025-05-18 23:05:49 #3 type] 
Type domain.Socio is not enhanced.

[2025-05-18 23:05:49 #4 type] 
Type domain.Factura is not enhanced.

[2025-05-18 23:05:49 #5 type] 
Type domain.Reserva is not enhanced.

[2025-05-18 23:05:49 #6 type] 
Type domain.Sesion is not enhanced.

[2025-05-18 23:05:49 #7 type] 
Type domain.Actividad is not enhanced.

[2025-05-18 23:05:49 #8 type] 
Type domain.Instalacion is not enhanced.

[2025-05-18 23:05:49 #9 type] 
Type domain.Encargado is not enhanced.

------------------------------------------------------------------------------------------------------------------------

[2025-05-18 23:11:44 #1 store] 
Database 'C:\Users\ander\git\repository\KIROL4ALL\kirol.odb' is opened by 6792@AnderPC

[2025-05-18 23:11:44 #2 store] 
Configuration path: ?

[2025-05-18 23:11:45 #3 type] 
Type domain.Socio is not enhanced.

[2025-05-18 23:11:45 #4 type] 
Type domain.Factura is not enhanced.

[2025-05-18 23:11:45 #5 type] 
Type domain.Reserva is not enhanced.

[2025-05-18 23:11:45 #6 type] 
Type domain.Sesion is not enhanced.

[2025-05-18 23:11:45 #7 type] 
Type domain.Actividad is not enhanced.

[2025-05-18 23:11:45 #8 type] 
Type domain.Instalacion is not enhanced.

[2025-05-18 23:11:45 #9 type] 
Type domain.Encargado is not enhanced.

------------------------------------------------------------------------------------------------------------------------

[2025-05-18 23:14:03 #1 store] 
Database 'C:\Users\ander\git\repository\KIROL4ALL\kirol.odb' is opened by 5680@AnderPC

[2025-05-18 23:14:03 #2 store] 
Configuration path: ?

------------------------------------------------------------------------------------------------------------------------

[2025-05-18 23:14:09 #1 store] 
Database 'C:\Users\ander\git\repository\KIROL4ALL\kirol.odb' is opened by 11156@AnderPC

[2025-05-18 23:14:09 #2 store] 
Configuration path: ?

[2025-05-18 23:14:10 #3 type] 
Type domain.Socio is not enhanced.

[2025-05-18 23:14:10 #4 type] 
Type domain.Factura is not enhanced.

[2025-05-18 23:14:10 #5 type] 
Type domain.Reserva is not enhanced.

[2025-05-18 23:14:10 #6 type] 
Type domain.Sesion is not enhanced.

[2025-05-18 23:14:10 #7 type] 
Type domain.Actividad is not enhanced.

[2025-05-18 23:14:10 #8 type] 
Type domain.Instalacion is not enhanced.

[2025-05-18 23:14:10 #9 type] 
Type domain.Encargado is not enhanced.

