------------------------------------------------------------------------------------------------------------------------

[2025-05-15 10:28:46 #1 store] 
Database 'C:\Users\ander\eclipse-workspace\KIROL4ALL\kirol.odb' is opened by 7820@AnderPC

[2025-05-15 10:28:46 #2 store] 
Configuration path: ?

[2025-05-15 10:28:46 #3 type] 
Type domain.Socio is not enhanced.

[2025-05-15 10:28:47 #4 type] 
Type domain.Factura is not enhanced.

[2025-05-15 10:28:47 #5 type] 
Type domain.Reserva is not enhanced.

[2025-05-15 10:28:47 #6 type] 
Type domain.Sesion is not enhanced.

[2025-05-15 10:28:47 #7 type] 
Type domain.Actividad is not enhanced.

[2025-05-15 10:28:47 #8 type] 
Type domain.Instalacion is not enhanced.

------------------------------------------------------------------------------------------------------------------------

[2025-05-15 10:34:25 #1 store] 
Database 'C:\Users\ander\eclipse-workspace\KIROL4ALL\kirol.odb' is opened by 7936@AnderPC

[2025-05-15 10:34:25 #2 store] 
Configuration path: ?

[2025-05-15 10:34:26 #3 type] 
Type domain.Socio is not enhanced.

[2025-05-15 10:34:26 #4 type] 
Type domain.Factura is not enhanced.

[2025-05-15 10:34:26 #5 type] 
Type domain.Reserva is not enhanced.

[2025-05-15 10:34:26 #6 type] 
Type domain.Sesion is not enhanced.

[2025-05-15 10:34:26 #7 type] 
Type domain.Actividad is not enhanced.

[2025-05-15 10:34:26 #8 type] 
Type domain.Instalacion is not enhanced.

------------------------------------------------------------------------------------------------------------------------

[2025-05-15 10:34:56 #1 store] 
Database 'C:\Users\ander\eclipse-workspace\KIROL4ALL\kirol.odb' is opened by 7320@AnderPC

[2025-05-15 10:34:56 #2 store] 
Configuration path: ?

[2025-05-15 10:34:56 #3 type] 
Type domain.Socio is not enhanced.

[2025-05-15 10:34:56 #4 type] 
Type domain.Factura is not enhanced.

[2025-05-15 10:34:56 #5 type] 
Type domain.Reserva is not enhanced.

[2025-05-15 10:34:56 #6 type] 
Type domain.Sesion is not enhanced.

[2025-05-15 10:34:56 #7 type] 
Type domain.Actividad is not enhanced.

[2025-05-15 10:34:56 #8 type] 
Type domain.Instalacion is not enhanced.

[2025-05-15 10:34:56 #9 type] 
Type domain.Encargado is not enhanced.

------------------------------------------------------------------------------------------------------------------------

[2025-05-15 17:03:57 #1 store] 
Database 'C:\Users\ander\eclipse-workspace\KIROL4ALL\kirol.odb' is opened by 3360@AnderPC

[2025-05-15 17:03:57 #2 store] 
Configuration path: ?

[2025-05-15 17:03:58 #3 type] 
Type domain.Socio is not enhanced.

[2025-05-15 17:03:58 #4 type] 
Type domain.Factura is not enhanced.

[2025-05-15 17:03:58 #5 type] 
Type domain.Reserva is not enhanced.

[2025-05-15 17:03:58 #6 type] 
Type domain.Sesion is not enhanced.

[2025-05-15 17:03:58 #7 type] 
Type domain.Actividad is not enhanced.

[2025-05-15 17:03:58 #8 type] 
Type domain.Instalacion is not enhanced.

[2025-05-15 17:03:58 #9 type] 
Type domain.Encargado is not enhanced.

------------------------------------------------------------------------------------------------------------------------

[2025-05-15 17:04:28 #1 store] 
Database 'C:\Users\ander\eclipse-workspace\KIROL4ALL\kirol.odb' has been recovered (tr. 10-10)

[2025-05-15 17:04:28 #2 store] 
Database 'C:\Users\ander\eclipse-workspace\KIROL4ALL\kirol.odb' is opened by 12740@AnderPC

[2025-05-15 17:04:28 #3 store] 
Configuration path: ?

[2025-05-15 17:04:28 #4 type] 
Type domain.Socio is not enhanced.

[2025-05-15 17:04:28 #5 type] 
Type domain.Factura is not enhanced.

[2025-05-15 17:04:28 #6 type] 
Type domain.Reserva is not enhanced.

[2025-05-15 17:04:28 #7 type] 
Type domain.Sesion is not enhanced.

[2025-05-15 17:04:28 #8 type] 
Type domain.Actividad is not enhanced.

[2025-05-15 17:04:28 #9 type] 
Type domain.Instalacion is not enhanced.

[2025-05-15 17:04:28 #10 type] 
Type domain.Encargado is not enhanced.

------------------------------------------------------------------------------------------------------------------------

[2025-05-15 18:02:15 #1 store] 
Database 'C:\Users\ander\eclipse-workspace\KIROL4ALL\kirol.odb' is opened by 252@AnderPC

[2025-05-15 18:02:15 #2 store] 
Configuration path: ?

[2025-05-15 18:02:15 #3 type] 
Type domain.Socio is not enhanced.

[2025-05-15 18:02:15 #4 type] 
Type domain.Factura is not enhanced.

[2025-05-15 18:02:15 #5 type] 
Type domain.Reserva is not enhanced.

[2025-05-15 18:02:15 #6 type] 
Type domain.Sesion is not enhanced.

[2025-05-15 18:02:15 #7 type] 
Type domain.Actividad is not enhanced.

[2025-05-15 18:02:15 #8 type] 
Type domain.Instalacion is not enhanced.

[2025-05-15 18:02:15 #9 type] 
Type domain.Encargado is not enhanced.

------------------------------------------------------------------------------------------------------------------------

[2025-05-15 18:02:48 #1 store] 
Database 'C:\Users\ander\eclipse-workspace\KIROL4ALL\kirol.odb' is opened by 13000@AnderPC

[2025-05-15 18:02:48 #2 store] 
Configuration path: ?

[2025-05-15 18:02:49 #3 type] 
Type domain.Socio is not enhanced.

[2025-05-15 18:02:49 #4 type] 
Type domain.Factura is not enhanced.

[2025-05-15 18:02:49 #5 type] 
Type domain.Reserva is not enhanced.

[2025-05-15 18:02:49 #6 type] 
Type domain.Sesion is not enhanced.

[2025-05-15 18:02:49 #7 type] 
Type domain.Actividad is not enhanced.

[2025-05-15 18:02:49 #8 type] 
Type domain.Instalacion is not enhanced.

[2025-05-15 18:02:49 #9 type] 
Type domain.Encargado is not enhanced.

------------------------------------------------------------------------------------------------------------------------

[2025-05-15 18:03:44 #1 store] 
Database 'C:\Users\ander\eclipse-workspace\KIROL4ALL\kirol.odb' is opened by 12868@AnderPC

[2025-05-15 18:03:44 #2 store] 
Configuration path: ?

[2025-05-15 18:03:44 #3 type] 
Type domain.Socio is not enhanced.

[2025-05-15 18:03:44 #4 type] 
Type domain.Factura is not enhanced.

[2025-05-15 18:03:44 #5 type] 
Type domain.Reserva is not enhanced.

[2025-05-15 18:03:44 #6 type] 
Type domain.Sesion is not enhanced.

[2025-05-15 18:03:44 #7 type] 
Type domain.Actividad is not enhanced.

[2025-05-15 18:03:44 #8 type] 
Type domain.Instalacion is not enhanced.

[2025-05-15 18:03:44 #9 type] 
Type domain.Encargado is not enhanced.

------------------------------------------------------------------------------------------------------------------------

[2025-05-15 19:52:54 #1 store] 
Database 'C:\Users\ander\eclipse-workspace\KIROL4ALL\kirol.odb' is opened by 13140@AnderPC

[2025-05-15 19:52:54 #2 store] 
Configuration path: ?

[2025-05-15 19:52:54 #3 type] 
Type domain.Socio is not enhanced.

[2025-05-15 19:52:54 #4 type] 
Type domain.Factura is not enhanced.

[2025-05-15 19:52:54 #5 type] 
Type domain.Reserva is not enhanced.

[2025-05-15 19:52:54 #6 type] 
Type domain.Sesion is not enhanced.

[2025-05-15 19:52:54 #7 type] 
Type domain.Actividad is not enhanced.

[2025-05-15 19:52:54 #8 type] 
Type domain.Instalacion is not enhanced.

[2025-05-15 19:52:54 #9 type] 
Type domain.Encargado is not enhanced.

------------------------------------------------------------------------------------------------------------------------

[2025-05-15 19:54:05 #1 store] 
Database 'C:\Users\ander\eclipse-workspace\KIROL4ALL\kirol.odb' has been recovered (tr. 15-15)

[2025-05-15 19:54:05 #2 store] 
Database 'C:\Users\ander\eclipse-workspace\KIROL4ALL\kirol.odb' is opened by 13296@AnderPC

[2025-05-15 19:54:05 #3 store] 
Configuration path: ?

[2025-05-15 19:54:05 #4 type] 
Type domain.Socio is not enhanced.

[2025-05-15 19:54:05 #5 type] 
Type domain.Factura is not enhanced.

[2025-05-15 19:54:05 #6 type] 
Type domain.Reserva is not enhanced.

[2025-05-15 19:54:05 #7 type] 
Type domain.Sesion is not enhanced.

[2025-05-15 19:54:05 #8 type] 
Type domain.Actividad is not enhanced.

[2025-05-15 19:54:05 #9 type] 
Type domain.Instalacion is not enhanced.

[2025-05-15 19:54:05 #10 type] 
Type domain.Encargado is not enhanced.

------------------------------------------------------------------------------------------------------------------------

[2025-05-15 20:48:56 #1 store] 
Database 'C:\Users\ander\eclipse-workspace\KIROL4ALL\kirol.odb' is opened by 10772@AnderPC

[2025-05-15 20:48:56 #2 store] 
Configuration path: ?

[2025-05-15 20:48:57 #3 type] 
Type domain.Socio is not enhanced.

[2025-05-15 20:48:57 #4 type] 
Type domain.Factura is not enhanced.

[2025-05-15 20:48:57 #5 type] 
Type domain.Reserva is not enhanced.

[2025-05-15 20:48:57 #6 type] 
Type domain.Sesion is not enhanced.

[2025-05-15 20:48:57 #7 type] 
Type domain.Actividad is not enhanced.

[2025-05-15 20:48:57 #8 type] 
Type domain.Instalacion is not enhanced.

[2025-05-15 20:48:57 #9 type] 
Type domain.Encargado is not enhanced.

------------------------------------------------------------------------------------------------------------------------

[2025-05-15 20:50:53 #1 store] 
Database 'C:\Users\ander\eclipse-workspace\KIROL4ALL\kirol.odb' has been recovered (tr. 16-16)

[2025-05-15 20:50:53 #2 store] 
Database 'C:\Users\ander\eclipse-workspace\KIROL4ALL\kirol.odb' is opened by 12648@AnderPC

[2025-05-15 20:50:53 #3 store] 
Configuration path: ?

[2025-05-15 20:50:53 #4 type] 
Type domain.Socio is not enhanced.

[2025-05-15 20:50:53 #5 type] 
Type domain.Factura is not enhanced.

[2025-05-15 20:50:53 #6 type] 
Type domain.Reserva is not enhanced.

[2025-05-15 20:50:53 #7 type] 
Type domain.Sesion is not enhanced.

[2025-05-15 20:50:53 #8 type] 
Type domain.Actividad is not enhanced.

[2025-05-15 20:50:53 #9 type] 
Type domain.Instalacion is not enhanced.

[2025-05-15 20:50:53 #10 type] 
Type domain.Encargado is not enhanced.

------------------------------------------------------------------------------------------------------------------------

[2025-05-15 20:56:34 #1 store] 
Database 'C:\Users\ander\eclipse-workspace\KIROL4ALL\kirol.odb' is opened by 12184@AnderPC

[2025-05-15 20:56:34 #2 store] 
Configuration path: ?

[2025-05-15 20:56:34 #3 type] 
Type domain.Socio is not enhanced.

[2025-05-15 20:56:35 #4 type] 
Type domain.Factura is not enhanced.

[2025-05-15 20:56:35 #5 type] 
Type domain.Reserva is not enhanced.

[2025-05-15 20:56:35 #6 type] 
Type domain.Sesion is not enhanced.

[2025-05-15 20:56:35 #7 type] 
Type domain.Actividad is not enhanced.

[2025-05-15 20:56:35 #8 type] 
Type domain.Instalacion is not enhanced.

[2025-05-15 20:56:35 #9 type] 
Type domain.Encargado is not enhanced.

------------------------------------------------------------------------------------------------------------------------

[2025-05-15 20:58:14 #1 store] 
Database 'C:\Users\ander\eclipse-workspace\KIROL4ALL\kirol.odb' is opened by 10584@AnderPC

[2025-05-15 20:58:14 #2 store] 
Configuration path: ?

[2025-05-15 20:58:15 #3 type] 
Type domain.Socio is not enhanced.

[2025-05-15 20:58:15 #4 type] 
Type domain.Factura is not enhanced.

[2025-05-15 20:58:15 #5 type] 
Type domain.Reserva is not enhanced.

[2025-05-15 20:58:15 #6 type] 
Type domain.Sesion is not enhanced.

[2025-05-15 20:58:15 #7 type] 
Type domain.Actividad is not enhanced.

[2025-05-15 20:58:15 #8 type] 
Type domain.Instalacion is not enhanced.

[2025-05-15 20:58:15 #9 type] 
Type domain.Encargado is not enhanced.

------------------------------------------------------------------------------------------------------------------------

[2025-05-15 21:00:35 #1 store] 
Database 'C:\Users\ander\eclipse-workspace\KIROL4ALL\kirol.odb' is opened by 4236@AnderPC

[2025-05-15 21:00:35 #2 store] 
Configuration path: ?

[2025-05-15 21:00:35 #3 type] 
Type domain.Socio is not enhanced.

[2025-05-15 21:00:35 #4 type] 
Type domain.Factura is not enhanced.

[2025-05-15 21:00:35 #5 type] 
Type domain.Reserva is not enhanced.

[2025-05-15 21:00:35 #6 type] 
Type domain.Sesion is not enhanced.

[2025-05-15 21:00:35 #7 type] 
Type domain.Actividad is not enhanced.

[2025-05-15 21:00:35 #8 type] 
Type domain.Instalacion is not enhanced.

[2025-05-15 21:00:35 #9 type] 
Type domain.Encargado is not enhanced.

------------------------------------------------------------------------------------------------------------------------

[2025-05-15 21:26:18 #1 store] 
Database 'C:\Users\ander\eclipse-workspace\KIROL4ALL\kirol.odb' has been recovered (tr. 17-17)

[2025-05-15 21:26:18 #2 store] 
Database 'C:\Users\ander\eclipse-workspace\KIROL4ALL\kirol.odb' is opened by 11172@AnderPC

[2025-05-15 21:26:18 #3 store] 
Configuration path: ?

[2025-05-15 21:26:18 #4 type] 
Type domain.Socio is not enhanced.

[2025-05-15 21:26:18 #5 type] 
Type domain.Factura is not enhanced.

[2025-05-15 21:26:18 #6 type] 
Type domain.Reserva is not enhanced.

[2025-05-15 21:26:18 #7 type] 
Type domain.Sesion is not enhanced.

[2025-05-15 21:26:18 #8 type] 
Type domain.Actividad is not enhanced.

[2025-05-15 21:26:18 #9 type] 
Type domain.Instalacion is not enhanced.

[2025-05-15 21:26:18 #10 type] 
Type domain.Encargado is not enhanced.

------------------------------------------------------------------------------------------------------------------------

[2025-05-15 21:26:56 #1 store] 
Database 'C:\Users\ander\eclipse-workspace\KIROL4ALL\kirol.odb' is opened by 10772@AnderPC

[2025-05-15 21:26:56 #2 store] 
Configuration path: ?

[2025-05-15 21:26:56 #3 type] 
Type domain.Socio is not enhanced.

[2025-05-15 21:26:56 #4 type] 
Type domain.Factura is not enhanced.

[2025-05-15 21:26:56 #5 type] 
Type domain.Reserva is not enhanced.

[2025-05-15 21:26:56 #6 type] 
Type domain.Sesion is not enhanced.

[2025-05-15 21:26:56 #7 type] 
Type domain.Actividad is not enhanced.

[2025-05-15 21:26:56 #8 type] 
Type domain.Instalacion is not enhanced.

[2025-05-15 21:26:56 #9 type] 
Type domain.Encargado is not enhanced.

------------------------------------------------------------------------------------------------------------------------

[2025-05-15 21:59:51 #1 store] 
Database 'C:\Users\ander\eclipse-workspace\KIROL4ALL\kirol.odb' is opened by 10216@AnderPC

[2025-05-15 21:59:51 #2 store] 
Configuration path: ?

[2025-05-15 21:59:52 #3 type] 
Type domain.Socio is not enhanced.

[2025-05-15 21:59:52 #4 type] 
Type domain.Factura is not enhanced.

[2025-05-15 21:59:52 #5 type] 
Type domain.Reserva is not enhanced.

[2025-05-15 21:59:52 #6 type] 
Type domain.Sesion is not enhanced.

[2025-05-15 21:59:52 #7 type] 
Type domain.Actividad is not enhanced.

[2025-05-15 21:59:52 #8 type] 
Type domain.Instalacion is not enhanced.

[2025-05-15 21:59:52 #9 type] 
Type domain.Encargado is not enhanced.

------------------------------------------------------------------------------------------------------------------------

[2025-05-15 22:47:47 #1 store] 
Database 'C:\Users\ander\eclipse-workspace\KIROL4ALL\kirol.odb' is opened by 10820@AnderPC

[2025-05-15 22:47:47 #2 store] 
Configuration path: ?

[2025-05-15 22:47:47 #3 type] 
Type domain.Socio is not enhanced.

[2025-05-15 22:47:47 #4 type] 
Type domain.Factura is not enhanced.

[2025-05-15 22:47:47 #5 type] 
Type domain.Reserva is not enhanced.

[2025-05-15 22:47:47 #6 type] 
Type domain.Sesion is not enhanced.

[2025-05-15 22:47:47 #7 type] 
Type domain.Actividad is not enhanced.

[2025-05-15 22:47:47 #8 type] 
Type domain.Instalacion is not enhanced.

[2025-05-15 22:47:47 #9 type] 
Type domain.Encargado is not enhanced.

------------------------------------------------------------------------------------------------------------------------

[2025-05-15 22:49:08 #1 store] 
Database 'C:\Users\ander\eclipse-workspace\KIROL4ALL\kirol.odb' is opened by 9688@AnderPC

[2025-05-15 22:49:08 #2 store] 
Configuration path: ?

[2025-05-15 22:49:08 #3 type] 
Type domain.Socio is not enhanced.

[2025-05-15 22:49:08 #4 type] 
Type domain.Factura is not enhanced.

[2025-05-15 22:49:08 #5 type] 
Type domain.Reserva is not enhanced.

[2025-05-15 22:49:08 #6 type] 
Type domain.Sesion is not enhanced.

[2025-05-15 22:49:08 #7 type] 
Type domain.Actividad is not enhanced.

[2025-05-15 22:49:08 #8 type] 
Type domain.Instalacion is not enhanced.

[2025-05-15 22:49:08 #9 type] 
Type domain.Encargado is not enhanced.

------------------------------------------------------------------------------------------------------------------------

[2025-05-15 22:56:24 #1 store] 
Database 'C:\Users\ander\eclipse-workspace\KIROL4ALL\kirol.odb' is opened by 9612@AnderPC

[2025-05-15 22:56:24 #2 store] 
Configuration path: ?

[2025-05-15 22:56:24 #3 type] 
Type domain.Socio is not enhanced.

[2025-05-15 22:56:24 #4 type] 
Type domain.Factura is not enhanced.

[2025-05-15 22:56:24 #5 type] 
Type domain.Reserva is not enhanced.

[2025-05-15 22:56:24 #6 type] 
Type domain.Sesion is not enhanced.

[2025-05-15 22:56:24 #7 type] 
Type domain.Actividad is not enhanced.

[2025-05-15 22:56:24 #8 type] 
Type domain.Instalacion is not enhanced.

[2025-05-15 22:56:24 #9 type] 
Type domain.Encargado is not enhanced.

------------------------------------------------------------------------------------------------------------------------

[2025-05-15 22:59:52 #1 store] 
Database 'C:\Users\ander\eclipse-workspace\KIROL4ALL\kirol.odb' is opened by 11136@AnderPC

[2025-05-15 22:59:52 #2 store] 
Configuration path: ?

[2025-05-15 22:59:52 #3 type] 
Type domain.Socio is not enhanced.

[2025-05-15 22:59:53 #4 type] 
Type domain.Factura is not enhanced.

[2025-05-15 22:59:53 #5 type] 
Type domain.Reserva is not enhanced.

[2025-05-15 22:59:53 #6 type] 
Type domain.Sesion is not enhanced.

[2025-05-15 22:59:53 #7 type] 
Type domain.Actividad is not enhanced.

[2025-05-15 22:59:53 #8 type] 
Type domain.Instalacion is not enhanced.

[2025-05-15 22:59:53 #9 type] 
Type domain.Encargado is not enhanced.

------------------------------------------------------------------------------------------------------------------------

[2025-05-15 23:00:45 #1 store] 
Database 'C:\Users\ander\eclipse-workspace\KIROL4ALL\kirol.odb' is opened by 6996@AnderPC

[2025-05-15 23:00:45 #2 store] 
Configuration path: ?

[2025-05-15 23:00:46 #3 type] 
Type domain.Socio is not enhanced.

[2025-05-15 23:00:46 #4 type] 
Type domain.Factura is not enhanced.

[2025-05-15 23:00:46 #5 type] 
Type domain.Reserva is not enhanced.

[2025-05-15 23:00:46 #6 type] 
Type domain.Sesion is not enhanced.

[2025-05-15 23:00:46 #7 type] 
Type domain.Actividad is not enhanced.

[2025-05-15 23:00:46 #8 type] 
Type domain.Instalacion is not enhanced.

[2025-05-15 23:00:46 #9 type] 
Type domain.Encargado is not enhanced.

------------------------------------------------------------------------------------------------------------------------

[2025-05-15 23:09:00 #1 store] 
Database 'C:\Users\ander\eclipse-workspace\KIROL4ALL\kirol.odb' has been recovered (tr. 18-18)

[2025-05-15 23:09:00 #2 store] 
Database 'C:\Users\ander\eclipse-workspace\KIROL4ALL\kirol.odb' is opened by 11556@AnderPC

[2025-05-15 23:09:00 #3 store] 
Configuration path: ?

[2025-05-15 23:09:01 #4 type] 
Type domain.Socio is not enhanced.

[2025-05-15 23:09:01 #5 type] 
Type domain.Factura is not enhanced.

[2025-05-15 23:09:01 #6 type] 
Type domain.Reserva is not enhanced.

[2025-05-15 23:09:01 #7 type] 
Type domain.Sesion is not enhanced.

[2025-05-15 23:09:01 #8 type] 
Type domain.Actividad is not enhanced.

[2025-05-15 23:09:01 #9 type] 
Type domain.Instalacion is not enhanced.

[2025-05-15 23:09:01 #10 type] 
Type domain.Encargado is not enhanced.

------------------------------------------------------------------------------------------------------------------------

[2025-05-15 23:11:51 #1 store] 
Database 'C:\Users\ander\eclipse-workspace\KIROL4ALL\kirol.odb' has been recovered (tr. 24-25)

[2025-05-15 23:11:51 #2 store] 
Database 'C:\Users\ander\eclipse-workspace\KIROL4ALL\kirol.odb' is opened by 9856@AnderPC

[2025-05-15 23:11:51 #3 store] 
Configuration path: ?

[2025-05-15 23:11:51 #4 type] 
Type domain.Socio is not enhanced.

[2025-05-15 23:11:51 #5 type] 
Type domain.Factura is not enhanced.

[2025-05-15 23:11:51 #6 type] 
Type domain.Reserva is not enhanced.

[2025-05-15 23:11:51 #7 type] 
Type domain.Sesion is not enhanced.

[2025-05-15 23:11:51 #8 type] 
Type domain.Actividad is not enhanced.

[2025-05-15 23:11:51 #9 type] 
Type domain.Instalacion is not enhanced.

[2025-05-15 23:11:51 #10 type] 
Type domain.Encargado is not enhanced.

------------------------------------------------------------------------------------------------------------------------

[2025-05-15 23:31:31 #1 store] 
Database 'C:\Users\ander\eclipse-workspace\KIROL4ALL\kirol.odb' has been recovered (tr. 31-32)

[2025-05-15 23:31:31 #2 store] 
Database 'C:\Users\ander\eclipse-workspace\KIROL4ALL\kirol.odb' is opened by 10860@AnderPC

[2025-05-15 23:31:31 #3 store] 
Configuration path: ?

[2025-05-15 23:31:31 #4 type] 
Type domain.Socio is not enhanced.

[2025-05-15 23:31:31 #5 type] 
Type domain.Factura is not enhanced.

[2025-05-15 23:31:31 #6 type] 
Type domain.Reserva is not enhanced.

[2025-05-15 23:31:31 #7 type] 
Type domain.Sesion is not enhanced.

[2025-05-15 23:31:31 #8 type] 
Type domain.Actividad is not enhanced.

[2025-05-15 23:31:31 #9 type] 
Type domain.Instalacion is not enhanced.

[2025-05-15 23:31:31 #10 type] 
Type domain.Encargado is not enhanced.

------------------------------------------------------------------------------------------------------------------------

[2025-05-15 23:38:28 #1 store] 
Database 'C:\Users\ander\eclipse-workspace\KIROL4ALL\kirol.odb' has been recovered (tr. 38-39)

[2025-05-15 23:38:28 #2 store] 
Database 'C:\Users\ander\eclipse-workspace\KIROL4ALL\kirol.odb' is opened by 9756@AnderPC

[2025-05-15 23:38:28 #3 store] 
Configuration path: ?

[2025-05-15 23:38:29 #4 type] 
Type domain.Socio is not enhanced.

[2025-05-15 23:38:29 #5 type] 
Type domain.Factura is not enhanced.

[2025-05-15 23:38:29 #6 type] 
Type domain.Reserva is not enhanced.

[2025-05-15 23:38:29 #7 type] 
Type domain.Sesion is not enhanced.

[2025-05-15 23:38:29 #8 type] 
Type domain.Actividad is not enhanced.

[2025-05-15 23:38:29 #9 type] 
Type domain.Instalacion is not enhanced.

[2025-05-15 23:38:29 #10 type] 
Type domain.Encargado is not enhanced.

------------------------------------------------------------------------------------------------------------------------

[2025-05-15 23:42:07 #1 store] 
Database 'C:\Users\ander\eclipse-workspace\KIROL4ALL\kirol.odb' has been recovered (tr. 45-46)

[2025-05-15 23:42:07 #2 store] 
Database 'C:\Users\ander\eclipse-workspace\KIROL4ALL\kirol.odb' is opened by 3888@AnderPC

[2025-05-15 23:42:07 #3 store] 
Configuration path: ?

[2025-05-15 23:42:07 #4 type] 
Type domain.Socio is not enhanced.

[2025-05-15 23:42:07 #5 type] 
Type domain.Factura is not enhanced.

[2025-05-15 23:42:07 #6 type] 
Type domain.Reserva is not enhanced.

[2025-05-15 23:42:07 #7 type] 
Type domain.Sesion is not enhanced.

[2025-05-15 23:42:07 #8 type] 
Type domain.Actividad is not enhanced.

[2025-05-15 23:42:07 #9 type] 
Type domain.Instalacion is not enhanced.

[2025-05-15 23:42:07 #10 type] 
Type domain.Encargado is not enhanced.

------------------------------------------------------------------------------------------------------------------------

[2025-05-15 23:50:12 #1 store] 
Database 'C:\Users\ander\eclipse-workspace\KIROL4ALL\kirol.odb' has been recovered (tr. 52-53)

[2025-05-15 23:50:13 #2 store] 
Database 'C:\Users\ander\eclipse-workspace\KIROL4ALL\kirol.odb' is opened by 7352@AnderPC

[2025-05-15 23:50:13 #3 store] 
Configuration path: ?

[2025-05-15 23:50:13 #4 type] 
Type domain.Socio is not enhanced.

[2025-05-15 23:50:13 #5 type] 
Type domain.Factura is not enhanced.

[2025-05-15 23:50:13 #6 type] 
Type domain.Reserva is not enhanced.

[2025-05-15 23:50:13 #7 type] 
Type domain.Sesion is not enhanced.

[2025-05-15 23:50:13 #8 type] 
Type domain.Actividad is not enhanced.

[2025-05-15 23:50:13 #9 type] 
Type domain.Instalacion is not enhanced.

[2025-05-15 23:50:13 #10 type] 
Type domain.Encargado is not enhanced.

------------------------------------------------------------------------------------------------------------------------

[2025-05-15 23:50:27 #1 store] 
Database 'C:\Users\ander\eclipse-workspace\KIROL4ALL\kirol.odb' has been recovered (tr. 59-60)

[2025-05-15 23:50:27 #2 store] 
Database 'C:\Users\ander\eclipse-workspace\KIROL4ALL\kirol.odb' is opened by 8824@AnderPC

[2025-05-15 23:50:27 #3 store] 
Configuration path: ?

[2025-05-15 23:50:28 #4 type] 
Type domain.Socio is not enhanced.

[2025-05-15 23:50:28 #5 type] 
Type domain.Factura is not enhanced.

[2025-05-15 23:50:28 #6 type] 
Type domain.Reserva is not enhanced.

[2025-05-15 23:50:28 #7 type] 
Type domain.Sesion is not enhanced.

[2025-05-15 23:50:28 #8 type] 
Type domain.Actividad is not enhanced.

[2025-05-15 23:50:28 #9 type] 
Type domain.Instalacion is not enhanced.

[2025-05-15 23:50:28 #10 type] 
Type domain.Encargado is not enhanced.

------------------------------------------------------------------------------------------------------------------------

[2025-05-15 23:56:05 #1 store] 
Database 'C:\Users\ander\eclipse-workspace\KIROL4ALL\kirol.odb' has been recovered (tr. 66-67)

[2025-05-15 23:56:06 #2 store] 
Database 'C:\Users\ander\eclipse-workspace\KIROL4ALL\kirol.odb' is opened by 11604@AnderPC

[2025-05-15 23:56:06 #3 store] 
Configuration path: ?

[2025-05-15 23:56:06 #4 type] 
Type domain.Socio is not enhanced.

[2025-05-15 23:56:06 #5 type] 
Type domain.Factura is not enhanced.

[2025-05-15 23:56:06 #6 type] 
Type domain.Reserva is not enhanced.

[2025-05-15 23:56:06 #7 type] 
Type domain.Sesion is not enhanced.

[2025-05-15 23:56:06 #8 type] 
Type domain.Actividad is not enhanced.

[2025-05-15 23:56:06 #9 type] 
Type domain.Instalacion is not enhanced.

[2025-05-15 23:56:06 #10 type] 
Type domain.Encargado is not enhanced.

