------------------------------------------------------------------------------------------------------------------------

[2025-05-16 00:18:11 #1 store] 
Database 'C:\Users\ander\eclipse-workspace\KIROL4ALL\kirol.odb' has been recovered (tr. 73-74)

[2025-05-16 00:18:12 #2 store] 
Database 'C:\Users\ander\eclipse-workspace\KIROL4ALL\kirol.odb' is opened by 236@AnderPC

[2025-05-16 00:18:12 #3 store] 
Configuration path: ?

[2025-05-16 00:18:12 #4 type] 
Type domain.Socio is not enhanced.

[2025-05-16 00:18:12 #5 type] 
Type domain.Factura is not enhanced.

[2025-05-16 00:18:12 #6 type] 
Type domain.Reserva is not enhanced.

[2025-05-16 00:18:12 #7 type] 
Type domain.Sesion is not enhanced.

[2025-05-16 00:18:12 #8 type] 
Type domain.Actividad is not enhanced.

[2025-05-16 00:18:12 #9 type] 
Type domain.Instalacion is not enhanced.

[2025-05-16 00:18:12 #10 type] 
Type domain.Encargado is not enhanced.

------------------------------------------------------------------------------------------------------------------------

[2025-05-16 00:30:37 #1 store] 
Database 'C:\Users\ander\eclipse-workspace\KIROL4ALL\kirol.odb' has been recovered (tr. 80-81)

[2025-05-16 00:30:37 #2 store] 
Database 'C:\Users\ander\eclipse-workspace\KIROL4ALL\kirol.odb' is opened by 13084@AnderPC

[2025-05-16 00:30:37 #3 store] 
Configuration path: ?

[2025-05-16 00:30:37 #4 type] 
Type domain.Socio is not enhanced.

[2025-05-16 00:30:37 #5 type] 
Type domain.Factura is not enhanced.

[2025-05-16 00:30:37 #6 type] 
Type domain.Reserva is not enhanced.

[2025-05-16 00:30:37 #7 type] 
Type domain.Sesion is not enhanced.

[2025-05-16 00:30:37 #8 type] 
Type domain.Actividad is not enhanced.

[2025-05-16 00:30:37 #9 type] 
Type domain.Instalacion is not enhanced.

[2025-05-16 00:30:37 #10 type] 
Type domain.Encargado is not enhanced.

------------------------------------------------------------------------------------------------------------------------

[2025-05-16 10:36:07 #1 store] 
Database 'C:\Users\ander\eclipse-workspace\KIROL4ALL\kirol.odb' has been recovered (tr. 87-88)

[2025-05-16 10:36:07 #2 store] 
Database 'C:\Users\ander\eclipse-workspace\KIROL4ALL\kirol.odb' is opened by 9940@AnderPC

[2025-05-16 10:36:07 #3 store] 
Configuration path: ?

[2025-05-16 10:36:07 #4 type] 
Type domain.Socio is not enhanced.

[2025-05-16 10:36:07 #5 type] 
Type domain.Factura is not enhanced.

[2025-05-16 10:36:07 #6 type] 
Type domain.Reserva is not enhanced.

[2025-05-16 10:36:07 #7 type] 
Type domain.Sesion is not enhanced.

[2025-05-16 10:36:07 #8 type] 
Type domain.Actividad is not enhanced.

[2025-05-16 10:36:07 #9 type] 
Type domain.Instalacion is not enhanced.

[2025-05-16 10:36:07 #10 type] 
Type domain.Encargado is not enhanced.

------------------------------------------------------------------------------------------------------------------------

[2025-05-16 10:42:44 #1 store] 
Database 'C:\Users\ander\eclipse-workspace\KIROL4ALL\kirol.odb' is opened by 6512@AnderPC

[2025-05-16 10:42:44 #2 store] 
Configuration path: ?

[2025-05-16 10:42:44 #3 type] 
Type domain.Socio is not enhanced.

[2025-05-16 10:42:44 #4 type] 
Type domain.Factura is not enhanced.

[2025-05-16 10:42:44 #5 type] 
Type domain.Reserva is not enhanced.

[2025-05-16 10:42:44 #6 type] 
Type domain.Sesion is not enhanced.

[2025-05-16 10:42:44 #7 type] 
Type domain.Actividad is not enhanced.

[2025-05-16 10:42:44 #8 type] 
Type domain.Instalacion is not enhanced.

[2025-05-16 10:42:44 #9 type] 
Type domain.Encargado is not enhanced.

------------------------------------------------------------------------------------------------------------------------

[2025-05-16 10:46:33 #1 store] 
Database 'C:\Users\ander\eclipse-workspace\KIROL4ALL\kirol.odb' is opened by 9192@AnderPC

[2025-05-16 10:46:33 #2 store] 
Configuration path: ?

[2025-05-16 10:46:34 #3 type] 
Type domain.Socio is not enhanced.

[2025-05-16 10:46:34 #4 type] 
Type domain.Factura is not enhanced.

[2025-05-16 10:46:34 #5 type] 
Type domain.Reserva is not enhanced.

[2025-05-16 10:46:34 #6 type] 
Type domain.Sesion is not enhanced.

[2025-05-16 10:46:34 #7 type] 
Type domain.Actividad is not enhanced.

[2025-05-16 10:46:34 #8 type] 
Type domain.Instalacion is not enhanced.

[2025-05-16 10:46:34 #9 type] 
Type domain.Encargado is not enhanced.

------------------------------------------------------------------------------------------------------------------------

[2025-05-16 10:48:38 #1 store] 
Database 'C:\Users\ander\eclipse-workspace\KIROL4ALL\kirol.odb' is opened by 6160@AnderPC

[2025-05-16 10:48:38 #2 store] 
Configuration path: ?

[2025-05-16 10:48:38 #3 type] 
Type domain.Socio is not enhanced.

[2025-05-16 10:48:38 #4 type] 
Type domain.Factura is not enhanced.

[2025-05-16 10:48:38 #5 type] 
Type domain.Reserva is not enhanced.

[2025-05-16 10:48:38 #6 type] 
Type domain.Sesion is not enhanced.

[2025-05-16 10:48:38 #7 type] 
Type domain.Actividad is not enhanced.

[2025-05-16 10:48:38 #8 type] 
Type domain.Instalacion is not enhanced.

[2025-05-16 10:48:38 #9 type] 
Type domain.Encargado is not enhanced.

------------------------------------------------------------------------------------------------------------------------

[2025-05-16 10:50:25 #1 store] 
Database 'C:\Users\ander\eclipse-workspace\KIROL4ALL\kirol.odb' is opened by 7512@AnderPC

[2025-05-16 10:50:25 #2 store] 
Configuration path: ?

[2025-05-16 10:50:25 #3 type] 
Type domain.Socio is not enhanced.

[2025-05-16 10:50:25 #4 type] 
Type domain.Factura is not enhanced.

[2025-05-16 10:50:25 #5 type] 
Type domain.Reserva is not enhanced.

[2025-05-16 10:50:25 #6 type] 
Type domain.Sesion is not enhanced.

[2025-05-16 10:50:25 #7 type] 
Type domain.Actividad is not enhanced.

[2025-05-16 10:50:25 #8 type] 
Type domain.Instalacion is not enhanced.

[2025-05-16 10:50:25 #9 type] 
Type domain.Encargado is not enhanced.

------------------------------------------------------------------------------------------------------------------------

[2025-05-16 10:51:51 #1 store] 
Database 'C:\Users\ander\eclipse-workspace\KIROL4ALL\kirol.odb' is opened by 3488@AnderPC

[2025-05-16 10:51:51 #2 store] 
Configuration path: ?

[2025-05-16 10:51:51 #3 type] 
Type domain.Socio is not enhanced.

[2025-05-16 10:51:51 #4 type] 
Type domain.Factura is not enhanced.

[2025-05-16 10:51:51 #5 type] 
Type domain.Reserva is not enhanced.

[2025-05-16 10:51:51 #6 type] 
Type domain.Sesion is not enhanced.

[2025-05-16 10:51:51 #7 type] 
Type domain.Actividad is not enhanced.

[2025-05-16 10:51:51 #8 type] 
Type domain.Instalacion is not enhanced.

[2025-05-16 10:51:51 #9 type] 
Type domain.Encargado is not enhanced.

------------------------------------------------------------------------------------------------------------------------

[2025-05-16 10:53:12 #1 store] 
Database 'C:\Users\ander\eclipse-workspace\KIROL4ALL\kirol.odb' is opened by 12540@AnderPC

[2025-05-16 10:53:12 #2 store] 
Configuration path: ?

[2025-05-16 10:53:12 #3 type] 
Type domain.Socio is not enhanced.

[2025-05-16 10:53:12 #4 type] 
Type domain.Factura is not enhanced.

[2025-05-16 10:53:12 #5 type] 
Type domain.Reserva is not enhanced.

[2025-05-16 10:53:12 #6 type] 
Type domain.Sesion is not enhanced.

[2025-05-16 10:53:12 #7 type] 
Type domain.Actividad is not enhanced.

[2025-05-16 10:53:12 #8 type] 
Type domain.Instalacion is not enhanced.

[2025-05-16 10:53:12 #9 type] 
Type domain.Encargado is not enhanced.

------------------------------------------------------------------------------------------------------------------------

[2025-05-16 10:55:18 #1 store] 
Database 'C:\Users\ander\eclipse-workspace\KIROL4ALL\kirol.odb' is opened by 8708@AnderPC

[2025-05-16 10:55:18 #2 store] 
Configuration path: ?

[2025-05-16 10:55:18 #3 type] 
Type domain.Socio is not enhanced.

[2025-05-16 10:55:18 #4 type] 
Type domain.Factura is not enhanced.

[2025-05-16 10:55:18 #5 type] 
Type domain.Reserva is not enhanced.

[2025-05-16 10:55:18 #6 type] 
Type domain.Sesion is not enhanced.

[2025-05-16 10:55:18 #7 type] 
Type domain.Actividad is not enhanced.

[2025-05-16 10:55:18 #8 type] 
Type domain.Instalacion is not enhanced.

[2025-05-16 10:55:18 #9 type] 
Type domain.Encargado is not enhanced.

------------------------------------------------------------------------------------------------------------------------

[2025-05-16 11:12:44 #1 store] 
Database 'C:\Users\ander\eclipse-workspace\KIROL4ALL\kirol.odb' is opened by 6716@AnderPC

[2025-05-16 11:12:44 #2 store] 
Configuration path: ?

[2025-05-16 11:12:44 #3 type] 
Type domain.Socio is not enhanced.

[2025-05-16 11:12:44 #4 type] 
Type domain.Factura is not enhanced.

[2025-05-16 11:12:44 #5 type] 
Type domain.Reserva is not enhanced.

[2025-05-16 11:12:44 #6 type] 
Type domain.Sesion is not enhanced.

[2025-05-16 11:12:44 #7 type] 
Type domain.Actividad is not enhanced.

[2025-05-16 11:12:44 #8 type] 
Type domain.Instalacion is not enhanced.

[2025-05-16 11:12:44 #9 type] 
Type domain.Encargado is not enhanced.

------------------------------------------------------------------------------------------------------------------------

[2025-05-16 11:13:22 #1 store] 
Database 'C:\Users\ander\eclipse-workspace\KIROL4ALL\kirol.odb' is opened by 12404@AnderPC

[2025-05-16 11:13:22 #2 store] 
Configuration path: ?

[2025-05-16 11:13:22 #3 type] 
Type domain.Socio is not enhanced.

[2025-05-16 11:13:22 #4 type] 
Type domain.Factura is not enhanced.

[2025-05-16 11:13:22 #5 type] 
Type domain.Reserva is not enhanced.

[2025-05-16 11:13:22 #6 type] 
Type domain.Sesion is not enhanced.

[2025-05-16 11:13:22 #7 type] 
Type domain.Actividad is not enhanced.

[2025-05-16 11:13:22 #8 type] 
Type domain.Instalacion is not enhanced.

[2025-05-16 11:13:22 #9 type] 
Type domain.Encargado is not enhanced.

------------------------------------------------------------------------------------------------------------------------

[2025-05-16 11:14:12 #1 store] 
Database 'C:\Users\ander\eclipse-workspace\KIROL4ALL\kirol.odb' is opened by 11048@AnderPC

[2025-05-16 11:14:12 #2 store] 
Configuration path: ?

[2025-05-16 11:14:12 #3 type] 
Type domain.Socio is not enhanced.

[2025-05-16 11:14:12 #4 type] 
Type domain.Factura is not enhanced.

[2025-05-16 11:14:12 #5 type] 
Type domain.Reserva is not enhanced.

[2025-05-16 11:14:12 #6 type] 
Type domain.Sesion is not enhanced.

[2025-05-16 11:14:12 #7 type] 
Type domain.Actividad is not enhanced.

[2025-05-16 11:14:12 #8 type] 
Type domain.Instalacion is not enhanced.

[2025-05-16 11:14:12 #9 type] 
Type domain.Encargado is not enhanced.

------------------------------------------------------------------------------------------------------------------------

[2025-05-16 11:19:09 #1 store] 
Database 'C:\Users\ander\eclipse-workspace\KIROL4ALL\kirol.odb' is opened by 9984@AnderPC

[2025-05-16 11:19:09 #2 store] 
Configuration path: ?

[2025-05-16 11:19:09 #3 type] 
Type domain.Socio is not enhanced.

[2025-05-16 11:19:09 #4 type] 
Type domain.Factura is not enhanced.

[2025-05-16 11:19:09 #5 type] 
Type domain.Reserva is not enhanced.

[2025-05-16 11:19:09 #6 type] 
Type domain.Sesion is not enhanced.

[2025-05-16 11:19:09 #7 type] 
Type domain.Actividad is not enhanced.

[2025-05-16 11:19:09 #8 type] 
Type domain.Instalacion is not enhanced.

[2025-05-16 11:19:09 #9 type] 
Type domain.Encargado is not enhanced.

------------------------------------------------------------------------------------------------------------------------

[2025-05-16 11:20:34 #1 store] 
Database 'C:\Users\ander\eclipse-workspace\KIROL4ALL\kirol.odb' is opened by 9268@AnderPC

[2025-05-16 11:20:34 #2 store] 
Configuration path: ?

[2025-05-16 11:20:35 #3 type] 
Type domain.Socio is not enhanced.

[2025-05-16 11:20:35 #4 type] 
Type domain.Factura is not enhanced.

[2025-05-16 11:20:35 #5 type] 
Type domain.Reserva is not enhanced.

[2025-05-16 11:20:35 #6 type] 
Type domain.Sesion is not enhanced.

[2025-05-16 11:20:35 #7 type] 
Type domain.Actividad is not enhanced.

[2025-05-16 11:20:35 #8 type] 
Type domain.Instalacion is not enhanced.

[2025-05-16 11:20:35 #9 type] 
Type domain.Encargado is not enhanced.

------------------------------------------------------------------------------------------------------------------------

[2025-05-16 11:23:52 #1 store] 
Database 'C:\Users\ander\eclipse-workspace\KIROL4ALL\kirol.odb' is opened by 9996@AnderPC

[2025-05-16 11:23:52 #2 store] 
Configuration path: ?

[2025-05-16 11:23:53 #3 type] 
Type domain.Socio is not enhanced.

[2025-05-16 11:23:53 #4 type] 
Type domain.Factura is not enhanced.

[2025-05-16 11:23:53 #5 type] 
Type domain.Reserva is not enhanced.

[2025-05-16 11:23:53 #6 type] 
Type domain.Sesion is not enhanced.

[2025-05-16 11:23:53 #7 type] 
Type domain.Actividad is not enhanced.

[2025-05-16 11:23:53 #8 type] 
Type domain.Instalacion is not enhanced.

[2025-05-16 11:23:53 #9 type] 
Type domain.Encargado is not enhanced.

------------------------------------------------------------------------------------------------------------------------

[2025-05-16 11:28:45 #1 store] 
Database 'C:\Users\ander\eclipse-workspace\KIROL4ALL\kirol.odb' is opened by 11308@AnderPC

[2025-05-16 11:28:45 #2 store] 
Configuration path: ?

[2025-05-16 11:28:45 #3 type] 
Type domain.Socio is not enhanced.

[2025-05-16 11:28:45 #4 type] 
Type domain.Factura is not enhanced.

[2025-05-16 11:28:45 #5 type] 
Type domain.Reserva is not enhanced.

[2025-05-16 11:28:45 #6 type] 
Type domain.Sesion is not enhanced.

[2025-05-16 11:28:45 #7 type] 
Type domain.Actividad is not enhanced.

[2025-05-16 11:28:45 #8 type] 
Type domain.Instalacion is not enhanced.

[2025-05-16 11:28:45 #9 type] 
Type domain.Encargado is not enhanced.

------------------------------------------------------------------------------------------------------------------------

[2025-05-16 11:32:19 #1 store] 
Database 'C:\Users\ander\eclipse-workspace\KIROL4ALL\kirol.odb' is opened by 10436@AnderPC

[2025-05-16 11:32:19 #2 store] 
Configuration path: ?

[2025-05-16 11:32:19 #3 type] 
Type domain.Socio is not enhanced.

[2025-05-16 11:32:19 #4 type] 
Type domain.Factura is not enhanced.

[2025-05-16 11:32:19 #5 type] 
Type domain.Reserva is not enhanced.

[2025-05-16 11:32:19 #6 type] 
Type domain.Sesion is not enhanced.

[2025-05-16 11:32:19 #7 type] 
Type domain.Actividad is not enhanced.

[2025-05-16 11:32:19 #8 type] 
Type domain.Instalacion is not enhanced.

[2025-05-16 11:32:19 #9 type] 
Type domain.Encargado is not enhanced.

------------------------------------------------------------------------------------------------------------------------

[2025-05-16 11:33:06 #1 store] 
Database 'C:\Users\ander\eclipse-workspace\KIROL4ALL\kirol.odb' is opened by 11276@AnderPC

[2025-05-16 11:33:06 #2 store] 
Configuration path: ?

[2025-05-16 11:33:06 #3 type] 
Type domain.Socio is not enhanced.

[2025-05-16 11:33:06 #4 type] 
Type domain.Factura is not enhanced.

[2025-05-16 11:33:06 #5 type] 
Type domain.Reserva is not enhanced.

[2025-05-16 11:33:06 #6 type] 
Type domain.Sesion is not enhanced.

[2025-05-16 11:33:06 #7 type] 
Type domain.Actividad is not enhanced.

[2025-05-16 11:33:06 #8 type] 
Type domain.Instalacion is not enhanced.

[2025-05-16 11:33:06 #9 type] 
Type domain.Encargado is not enhanced.

------------------------------------------------------------------------------------------------------------------------

[2025-05-16 12:11:41 #1 store] 
Database 'C:\Users\ander\eclipse-workspace\KIROL4ALL\kirol.odb' is opened by 9820@AnderPC

[2025-05-16 12:11:41 #2 store] 
Configuration path: ?

[2025-05-16 12:11:41 #3 type] 
Type domain.Socio is not enhanced.

[2025-05-16 12:11:41 #4 type] 
Type domain.Factura is not enhanced.

[2025-05-16 12:11:41 #5 type] 
Type domain.Reserva is not enhanced.

[2025-05-16 12:11:41 #6 type] 
Type domain.Sesion is not enhanced.

[2025-05-16 12:11:41 #7 type] 
Type domain.Actividad is not enhanced.

[2025-05-16 12:11:41 #8 type] 
Type domain.Instalacion is not enhanced.

[2025-05-16 12:11:41 #9 type] 
Type domain.Encargado is not enhanced.

------------------------------------------------------------------------------------------------------------------------

[2025-05-16 16:31:18 #1 store] 
Database 'C:\Users\ander\eclipse-workspace\KIROL4ALL\kirol.odb' is opened by 5836@AnderPC

[2025-05-16 16:31:18 #2 store] 
Configuration path: ?

[2025-05-16 16:31:18 #3 type] 
Type domain.Socio is not enhanced.

[2025-05-16 16:31:18 #4 type] 
Type domain.Factura is not enhanced.

[2025-05-16 16:31:18 #5 type] 
Type domain.Reserva is not enhanced.

[2025-05-16 16:31:18 #6 type] 
Type domain.Sesion is not enhanced.

[2025-05-16 16:31:18 #7 type] 
Type domain.Actividad is not enhanced.

[2025-05-16 16:31:18 #8 type] 
Type domain.Instalacion is not enhanced.

[2025-05-16 16:31:18 #9 type] 
Type domain.Encargado is not enhanced.

------------------------------------------------------------------------------------------------------------------------

[2025-05-16 16:34:41 #1 store] 
Database 'C:\Users\ander\eclipse-workspace\KIROL4ALL\kirol.odb' is opened by 712@AnderPC

[2025-05-16 16:34:41 #2 store] 
Configuration path: ?

[2025-05-16 16:34:42 #3 type] 
Type domain.Socio is not enhanced.

[2025-05-16 16:34:42 #4 type] 
Type domain.Factura is not enhanced.

[2025-05-16 16:34:42 #5 type] 
Type domain.Reserva is not enhanced.

[2025-05-16 16:34:42 #6 type] 
Type domain.Sesion is not enhanced.

[2025-05-16 16:34:42 #7 type] 
Type domain.Actividad is not enhanced.

[2025-05-16 16:34:42 #8 type] 
Type domain.Instalacion is not enhanced.

[2025-05-16 16:34:42 #9 type] 
Type domain.Encargado is not enhanced.

------------------------------------------------------------------------------------------------------------------------

[2025-05-16 16:36:36 #1 store] 
Database 'C:\Users\ander\eclipse-workspace\KIROL4ALL\kirol.odb' is opened by 252@AnderPC

[2025-05-16 16:36:36 #2 store] 
Configuration path: ?

[2025-05-16 16:36:36 #3 type] 
Type domain.Socio is not enhanced.

[2025-05-16 16:36:36 #4 type] 
Type domain.Factura is not enhanced.

[2025-05-16 16:36:36 #5 type] 
Type domain.Reserva is not enhanced.

[2025-05-16 16:36:36 #6 type] 
Type domain.Sesion is not enhanced.

[2025-05-16 16:36:36 #7 type] 
Type domain.Actividad is not enhanced.

[2025-05-16 16:36:36 #8 type] 
Type domain.Instalacion is not enhanced.

[2025-05-16 16:36:36 #9 type] 
Type domain.Encargado is not enhanced.

------------------------------------------------------------------------------------------------------------------------

[2025-05-16 16:37:18 #1 store] 
Database 'C:\Users\ander\eclipse-workspace\KIROL4ALL\kirol.odb' is opened by 7632@AnderPC

[2025-05-16 16:37:18 #2 store] 
Configuration path: ?

[2025-05-16 16:37:18 #3 type] 
Type domain.Socio is not enhanced.

[2025-05-16 16:37:18 #4 type] 
Type domain.Factura is not enhanced.

[2025-05-16 16:37:18 #5 type] 
Type domain.Reserva is not enhanced.

[2025-05-16 16:37:18 #6 type] 
Type domain.Sesion is not enhanced.

[2025-05-16 16:37:18 #7 type] 
Type domain.Actividad is not enhanced.

[2025-05-16 16:37:18 #8 type] 
Type domain.Instalacion is not enhanced.

[2025-05-16 16:37:18 #9 type] 
Type domain.Encargado is not enhanced.

------------------------------------------------------------------------------------------------------------------------

[2025-05-16 16:39:41 #1 store] 
Database 'C:\Users\ander\eclipse-workspace\KIROL4ALL\kirol.odb' is opened by 6860@AnderPC

[2025-05-16 16:39:41 #2 store] 
Configuration path: ?

[2025-05-16 16:39:42 #3 type] 
Type domain.Socio is not enhanced.

[2025-05-16 16:39:42 #4 type] 
Type domain.Factura is not enhanced.

[2025-05-16 16:39:42 #5 type] 
Type domain.Reserva is not enhanced.

[2025-05-16 16:39:42 #6 type] 
Type domain.Sesion is not enhanced.

[2025-05-16 16:39:42 #7 type] 
Type domain.Actividad is not enhanced.

[2025-05-16 16:39:42 #8 type] 
Type domain.Instalacion is not enhanced.

[2025-05-16 16:39:42 #9 type] 
Type domain.Encargado is not enhanced.

------------------------------------------------------------------------------------------------------------------------

[2025-05-16 17:45:59 #1 store] 
Database 'C:\Users\ander\eclipse-workspace\KIROL4ALL\kirol.odb' is opened by 12300@AnderPC

[2025-05-16 17:45:59 #2 store] 
Configuration path: ?

[2025-05-16 17:45:59 #3 type] 
Type domain.Socio is not enhanced.

[2025-05-16 17:46:00 #4 type] 
Type domain.Factura is not enhanced.

[2025-05-16 17:46:00 #5 type] 
Type domain.Reserva is not enhanced.

[2025-05-16 17:46:00 #6 type] 
Type domain.Sesion is not enhanced.

[2025-05-16 17:46:00 #7 type] 
Type domain.Actividad is not enhanced.

[2025-05-16 17:46:00 #8 type] 
Type domain.Instalacion is not enhanced.

[2025-05-16 17:46:00 #9 type] 
Type domain.Encargado is not enhanced.

