------------------------------------------------------------------------------------------------------------------------

[2025-05-22 10:38:25 #1 store] 
Database 'C:\Users\ander\git\repository\KIROL4ALL\kirol.odb' is opened by 13988@AnderPC

[2025-05-22 10:38:25 #2 store] 
Configuration path: ?

[2025-05-22 10:38:26 #3 type] 
Type domain.Socio is not enhanced.

[2025-05-22 10:38:26 #4 type] 
Type domain.Factura is not enhanced.

[2025-05-22 10:38:26 #5 type] 
Type domain.Reserva is not enhanced.

[2025-05-22 10:38:26 #6 type] 
Type domain.Sesion is not enhanced.

[2025-05-22 10:38:26 #7 type] 
Type domain.Actividad is not enhanced.

[2025-05-22 10:38:26 #8 type] 
Type domain.Instalacion is not enhanced.

[2025-05-22 10:38:26 #9 type] 
Type domain.Encargado is not enhanced.

------------------------------------------------------------------------------------------------------------------------

[2025-05-22 10:49:17 #1 store] 
Database 'C:\Users\ander\git\repository\KIROL4ALL\kirol.odb' is opened by 4808@AnderPC

[2025-05-22 10:49:17 #2 store] 
Configuration path: ?

[2025-05-22 10:49:17 #3 type] 
Type domain.Socio is not enhanced.

[2025-05-22 10:49:17 #4 type] 
Type domain.Factura is not enhanced.

[2025-05-22 10:49:17 #5 type] 
Type domain.Reserva is not enhanced.

[2025-05-22 10:49:17 #6 type] 
Type domain.Sesion is not enhanced.

[2025-05-22 10:49:17 #7 type] 
Type domain.Actividad is not enhanced.

[2025-05-22 10:49:17 #8 type] 
Type domain.Instalacion is not enhanced.

[2025-05-22 10:49:17 #9 type] 
Type domain.Encargado is not enhanced.

------------------------------------------------------------------------------------------------------------------------

[2025-05-22 10:51:55 #1 store] 
Database 'C:\Users\ander\git\repository\KIROL4ALL\kirol.odb' is opened by 12324@AnderPC

[2025-05-22 10:51:55 #2 store] 
Configuration path: ?

[2025-05-22 10:51:55 #3 type] 
Type domain.Socio is not enhanced.

[2025-05-22 10:51:55 #4 type] 
Type domain.Factura is not enhanced.

[2025-05-22 10:51:55 #5 type] 
Type domain.Reserva is not enhanced.

[2025-05-22 10:51:55 #6 type] 
Type domain.Sesion is not enhanced.

[2025-05-22 10:51:55 #7 type] 
Type domain.Actividad is not enhanced.

[2025-05-22 10:51:55 #8 type] 
Type domain.Instalacion is not enhanced.

[2025-05-22 10:51:55 #9 type] 
Type domain.Encargado is not enhanced.

------------------------------------------------------------------------------------------------------------------------

[2025-05-22 10:53:21 #1 store] 
Database 'C:\Users\ander\git\repository\KIROL4ALL\kirol.odb' is opened by 10296@AnderPC

[2025-05-22 10:53:21 #2 store] 
Configuration path: ?

[2025-05-22 10:53:21 #3 type] 
Type domain.Socio is not enhanced.

[2025-05-22 10:53:21 #4 type] 
Type domain.Factura is not enhanced.

[2025-05-22 10:53:21 #5 type] 
Type domain.Reserva is not enhanced.

[2025-05-22 10:53:21 #6 type] 
Type domain.Sesion is not enhanced.

[2025-05-22 10:53:21 #7 type] 
Type domain.Actividad is not enhanced.

[2025-05-22 10:53:21 #8 type] 
Type domain.Instalacion is not enhanced.

[2025-05-22 10:53:21 #9 type] 
Type domain.Encargado is not enhanced.

------------------------------------------------------------------------------------------------------------------------

[2025-05-22 10:54:03 #1 store] 
Database 'C:\Users\ander\git\repository\KIROL4ALL\kirol.odb' is opened by 13984@AnderPC

[2025-05-22 10:54:03 #2 store] 
Configuration path: ?

[2025-05-22 10:54:04 #3 type] 
Type domain.Socio is not enhanced.

[2025-05-22 10:54:04 #4 type] 
Type domain.Factura is not enhanced.

[2025-05-22 10:54:04 #5 type] 
Type domain.Reserva is not enhanced.

[2025-05-22 10:54:04 #6 type] 
Type domain.Sesion is not enhanced.

[2025-05-22 10:54:04 #7 type] 
Type domain.Actividad is not enhanced.

[2025-05-22 10:54:04 #8 type] 
Type domain.Instalacion is not enhanced.

[2025-05-22 10:54:04 #9 type] 
Type domain.Encargado is not enhanced.

------------------------------------------------------------------------------------------------------------------------

[2025-05-22 10:57:07 #1 store] 
Database 'C:\Users\ander\git\repository\KIROL4ALL\kirol.odb' is opened by 6292@AnderPC

[2025-05-22 10:57:07 #2 store] 
Configuration path: ?

[2025-05-22 10:57:08 #3 type] 
Type domain.Socio is not enhanced.

[2025-05-22 10:57:08 #4 type] 
Type domain.Factura is not enhanced.

[2025-05-22 10:57:08 #5 type] 
Type domain.Reserva is not enhanced.

[2025-05-22 10:57:08 #6 type] 
Type domain.Sesion is not enhanced.

[2025-05-22 10:57:08 #7 type] 
Type domain.Actividad is not enhanced.

[2025-05-22 10:57:08 #8 type] 
Type domain.Instalacion is not enhanced.

[2025-05-22 10:57:08 #9 type] 
Type domain.Encargado is not enhanced.

------------------------------------------------------------------------------------------------------------------------

[2025-05-22 11:00:16 #1 store] 
Database 'C:\Users\ander\git\repository\KIROL4ALL\kirol.odb' is opened by 2076@AnderPC

[2025-05-22 11:00:16 #2 store] 
Configuration path: ?

[2025-05-22 11:00:16 #3 type] 
Type domain.Socio is not enhanced.

[2025-05-22 11:00:16 #4 type] 
Type domain.Factura is not enhanced.

[2025-05-22 11:00:16 #5 type] 
Type domain.Reserva is not enhanced.

[2025-05-22 11:00:16 #6 type] 
Type domain.Sesion is not enhanced.

[2025-05-22 11:00:16 #7 type] 
Type domain.Actividad is not enhanced.

[2025-05-22 11:00:16 #8 type] 
Type domain.Instalacion is not enhanced.

[2025-05-22 11:00:16 #9 type] 
Type domain.Encargado is not enhanced.

------------------------------------------------------------------------------------------------------------------------

[2025-05-22 11:01:48 #1 store] 
Database 'C:\Users\ander\git\repository\KIROL4ALL\kirol.odb' is opened by 11376@AnderPC

[2025-05-22 11:01:48 #2 store] 
Configuration path: ?

[2025-05-22 11:01:48 #3 type] 
Type domain.Socio is not enhanced.

[2025-05-22 11:01:48 #4 type] 
Type domain.Factura is not enhanced.

[2025-05-22 11:01:48 #5 type] 
Type domain.Reserva is not enhanced.

[2025-05-22 11:01:48 #6 type] 
Type domain.Sesion is not enhanced.

[2025-05-22 11:01:48 #7 type] 
Type domain.Actividad is not enhanced.

[2025-05-22 11:01:48 #8 type] 
Type domain.Instalacion is not enhanced.

[2025-05-22 11:01:48 #9 type] 
Type domain.Encargado is not enhanced.

------------------------------------------------------------------------------------------------------------------------

[2025-05-22 11:05:37 #1 store] 
Database 'C:\Users\ander\git\repository\KIROL4ALL\kirol.odb' is opened by 4236@AnderPC

[2025-05-22 11:05:37 #2 store] 
Configuration path: ?

[2025-05-22 11:05:38 #3 type] 
Type domain.Socio is not enhanced.

[2025-05-22 11:05:38 #4 type] 
Type domain.Factura is not enhanced.

[2025-05-22 11:05:38 #5 type] 
Type domain.Reserva is not enhanced.

[2025-05-22 11:05:38 #6 type] 
Type domain.Sesion is not enhanced.

[2025-05-22 11:05:38 #7 type] 
Type domain.Actividad is not enhanced.

[2025-05-22 11:05:38 #8 type] 
Type domain.Instalacion is not enhanced.

[2025-05-22 11:05:38 #9 type] 
Type domain.Encargado is not enhanced.

------------------------------------------------------------------------------------------------------------------------

[2025-05-22 13:50:13 #1 store] 
Database 'C:\Users\ander\git\repository\KIROL4ALL\kirol.odb' is opened by 8228@AnderPC

[2025-05-22 13:50:13 #2 store] 
Configuration path: ?

[2025-05-22 13:50:13 #3 type] 
Type domain.Socio is not enhanced.

[2025-05-22 13:50:13 #4 type] 
Type domain.Factura is not enhanced.

[2025-05-22 13:50:13 #5 type] 
Type domain.Reserva is not enhanced.

[2025-05-22 13:50:13 #6 type] 
Type domain.Sesion is not enhanced.

[2025-05-22 13:50:13 #7 type] 
Type domain.Actividad is not enhanced.

[2025-05-22 13:50:13 #8 type] 
Type domain.Instalacion is not enhanced.

[2025-05-22 13:50:13 #9 type] 
Type domain.Encargado is not enhanced.

------------------------------------------------------------------------------------------------------------------------

[2025-05-22 14:06:09 #1 type] 
Type domain.Socio is not enhanced.

[2025-05-22 14:06:09 #2 type] 
Type domain.Factura is not enhanced.

[2025-05-22 14:06:09 #3 type] 
Type domain.Reserva is not enhanced.

[2025-05-22 14:06:09 #4 type] 
Type domain.Sesion is not enhanced.

[2025-05-22 14:06:09 #5 type] 
Type domain.Actividad is not enhanced.

[2025-05-22 14:06:09 #6 type] 
Type domain.Instalacion is not enhanced.

[2025-05-22 14:06:09 #7 type] 
Type domain.Encargado is not enhanced.

------------------------------------------------------------------------------------------------------------------------

[2025-05-22 14:59:25 #1 type] 
Type domain.Socio is not enhanced.

[2025-05-22 14:59:25 #2 type] 
Type domain.Factura is not enhanced.

[2025-05-22 14:59:25 #3 type] 
Type domain.Reserva is not enhanced.

[2025-05-22 14:59:25 #4 type] 
Type domain.Sesion is not enhanced.

[2025-05-22 14:59:25 #5 type] 
Type domain.Actividad is not enhanced.

[2025-05-22 14:59:25 #6 type] 
Type domain.Instalacion is not enhanced.

[2025-05-22 14:59:25 #7 type] 
Type domain.Encargado is not enhanced.

------------------------------------------------------------------------------------------------------------------------

[2025-05-22 15:00:50 #1 type] 
Type domain.Socio is not enhanced.

[2025-05-22 15:00:50 #2 type] 
Type domain.Factura is not enhanced.

[2025-05-22 15:00:50 #3 type] 
Type domain.Reserva is not enhanced.

[2025-05-22 15:00:50 #4 type] 
Type domain.Sesion is not enhanced.

[2025-05-22 15:00:50 #5 type] 
Type domain.Actividad is not enhanced.

[2025-05-22 15:00:50 #6 type] 
Type domain.Instalacion is not enhanced.

[2025-05-22 15:00:50 #7 type] 
Type domain.Encargado is not enhanced.

------------------------------------------------------------------------------------------------------------------------

[2025-05-22 15:01:53 #1 type] 
Type domain.Socio is not enhanced.

[2025-05-22 15:01:53 #2 type] 
Type domain.Factura is not enhanced.

[2025-05-22 15:01:53 #3 type] 
Type domain.Reserva is not enhanced.

[2025-05-22 15:01:53 #4 type] 
Type domain.Sesion is not enhanced.

[2025-05-22 15:01:53 #5 type] 
Type domain.Actividad is not enhanced.

[2025-05-22 15:01:53 #6 type] 
Type domain.Instalacion is not enhanced.

[2025-05-22 15:01:53 #7 type] 
Type domain.Encargado is not enhanced.

------------------------------------------------------------------------------------------------------------------------

[2025-05-22 15:16:03 #1 type] 
Type domain.Socio is not enhanced.

[2025-05-22 15:16:03 #2 type] 
Type domain.Factura is not enhanced.

[2025-05-22 15:16:03 #3 type] 
Type domain.Reserva is not enhanced.

[2025-05-22 15:16:03 #4 type] 
Type domain.Sesion is not enhanced.

[2025-05-22 15:16:03 #5 type] 
Type domain.Actividad is not enhanced.

[2025-05-22 15:16:03 #6 type] 
Type domain.Instalacion is not enhanced.

[2025-05-22 15:16:03 #7 type] 
Type domain.Encargado is not enhanced.

------------------------------------------------------------------------------------------------------------------------

[2025-05-22 15:20:32 #1 type] 
Type domain.Socio is not enhanced.

[2025-05-22 15:20:32 #2 type] 
Type domain.Factura is not enhanced.

[2025-05-22 15:20:32 #3 type] 
Type domain.Reserva is not enhanced.

[2025-05-22 15:20:32 #4 type] 
Type domain.Sesion is not enhanced.

[2025-05-22 15:20:32 #5 type] 
Type domain.Actividad is not enhanced.

[2025-05-22 15:20:32 #6 type] 
Type domain.Instalacion is not enhanced.

[2025-05-22 15:20:32 #7 type] 
Type domain.Encargado is not enhanced.

